   1              		.file	"airspeed_ets.c"
   2              		.section	.text.airspeed_ets_init,"ax",%progbits
   3              		.align	2
   4              		.global	airspeed_ets_init
   6              	airspeed_ets_init:
   7              		@ Function supports interworking.
   8              		@ args = 0, pretend = 0, frame = 0
   9              		@ frame_needed = 0, uses_anonymous_args = 0
  10              		@ link register save eliminated.
  11 0000 78309FE5 		ldr	r3, .L8
  12 0004 0020A0E3 		mov	r2, #0
  13 0008 002083E5 		str	r2, [r3, #0]	@ float
  14 000c 70309FE5 		ldr	r3, .L8+4
  15 0010 01C0A0E3 		mov	ip, #1
  16 0014 00C0C3E5 		strb	ip, [r3, #0]
  17 0018 68309FE5 		ldr	r3, .L8+8
  18 001c 0010A0E3 		mov	r1, #0
  19 0020 0010C3E5 		strb	r1, [r3, #0]
  20 0024 60309FE5 		ldr	r3, .L8+12
  21 0028 B010C3E1 		strh	r1, [r3, #0]	@ movhi 
  22 002c 5C309FE5 		ldr	r3, .L8+16
  23 0030 B010C3E1 		strh	r1, [r3, #0]	@ movhi 
  24 0034 58309FE5 		ldr	r3, .L8+20
  25 0038 001083E5 		str	r1, [r3, #0]
  26 003c 54309FE5 		ldr	r3, .L8+24
  27 0040 00C0C3E5 		strb	ip, [r3, #0]
  28 0044 50309FE5 		ldr	r3, .L8+28
  29 0048 001083E5 		str	r1, [r3, #0]
  30 004c 4C309FE5 		ldr	r3, .L8+32
  31 0050 6420A0E3 		mov	r2, #100	@ movhi
  32 0054 B020C3E1 		strh	r2, [r3, #0]	@ movhi 
  33              		@ lr needed for prologue
  34              	.L5:
  35 0058 44309FE5 		ldr	r3, .L8+36
  36 005c 0020A0E3 		mov	r2, #0
  37 0060 012183E7 		str	r2, [r3, r1, asl #2]	@ float
  38 0064 011081E2 		add	r1, r1, #1
  39 0068 090051E3 		cmp	r1, #9
  40 006c 140000DA 		ble	.L5
  41 0070 30309FE5 		ldr	r3, .L8+40
  42 0074 0420A0E3 		mov	r2, #4
  43 0078 2C2083E5 		str	r2, [r3, #44]
  44 007c 1EFF2FE1 		bx	lr
  45              	.L9:
  46              		.align	2
  47              	.L8:
  48 0080 00000000 		.word	airspeed_ets
  49 0084 00000000 		.word	airspeed_ets_valid
  50 0088 00000000 		.word	airspeed_ets_offset_init
  51 008c 00000000 		.word	airspeed_ets_raw
  52 0090 00000000 		.word	airspeed_ets_offset
  53 0094 00000000 		.word	airspeed_ets_offset_tmp
  54 0098 00000000 		.word	airspeed_ets_i2c_done
  55 009c 00000000 		.word	airspeed_ets_buffer_idx
  56 00a0 00000000 		.word	airspeed_ets_cnt
  57 00a4 00000000 		.word	airspeed_ets_buffer
  58 00a8 00000000 		.word	airspeed_ets_i2c_trans
  60              		.section	.text.airspeed_ets_read_periodic,"ax",%progbits
  61              		.align	2
  62              		.global	airspeed_ets_read_periodic
  64              	airspeed_ets_read_periodic:
  65              		@ Function supports interworking.
  66              		@ args = 0, pretend = 0, frame = 0
  67              		@ frame_needed = 1, uses_anonymous_args = 0
  68 0000 0DC0A0E1 		mov	ip, sp
  69 0004 00D82DE9 		stmfd	sp!, {fp, ip, lr, pc}
  70 0008 40209FE5 		ldr	r2, .L12
  71 000c 2C3092E5 		ldr	r3, [r2, #44]
  72 0010 040053E3 		cmp	r3, #4
  73 0014 04B04CE2 		sub	fp, ip, #4
  74 0018 34009FE5 		ldr	r0, .L12+4
  75 001c 0210A0E1 		mov	r1, r2
  76 0020 1000001A 		bne	.L10
  77 0024 033043E2 		sub	r3, r3, #3
  78 0028 003082E5 		str	r3, [r2, #0]
  79 002c 173043E2 		sub	r3, r3, #23
  80 0030 0430C2E5 		strb	r3, [r2, #4]
  81 0034 163083E2 		add	r3, r3, #22
  82 0038 0830C2E5 		strb	r3, [r2, #8]
  83 003c 0230A0E3 		mov	r3, #2	@ movhi
  84 0040 B630C2E1 		strh	r3, [r2, #6]	@ movhi 
  85 0044 FEFFFFEB 		bl	i2c_submit
  86              	.L10:
  87 0048 00689DE8 		ldmfd	sp, {fp, sp, lr}
  88 004c 1EFF2FE1 		bx	lr
  89              	.L13:
  90              		.align	2
  91              	.L12:
  92 0050 00000000 		.word	airspeed_ets_i2c_trans
  93 0054 00000000 		.word	i2c0
  95              		.global	__udivsi3
  96              		.global	__floatsisf
  97              		.global	__extendsfdf2
  98              		.global	__muldf3
  99              		.global	__truncdfsf2
 100              		.global	__ltsf2
 101              		.global	__addsf3
 102              		.global	__divsf3
 103              		.section	.text.airspeed_ets_read_event,"ax",%progbits
 104              		.align	2
 105              		.global	airspeed_ets_read_event
 107              	airspeed_ets_read_event:
 108              		@ Function supports interworking.
 109              		@ args = 0, pretend = 0, frame = 0
 110              		@ frame_needed = 1, uses_anonymous_args = 0
 111 0000 0DC0A0E1 		mov	ip, sp
 112 0004 F0D82DE9 		stmfd	sp!, {r4, r5, r6, r7, fp, ip, lr, pc}
 113 0008 AC719FE5 		ldr	r7, .L39+8
 114 000c 0A20D7E5 		ldrb	r2, [r7, #10]	@ zero_extendqisi2
 115 0010 0930D7E5 		ldrb	r3, [r7, #9]	@ zero_extendqisi2
 116 0014 A4019FE5 		ldr	r0, .L39+12
 117 0018 023483E1 		orr	r3, r3, r2, asl #8
 118 001c B030C0E1 		strh	r3, [r0, #0]	@ movhi 
 119 0020 B030D0E1 		ldrh	r3, [r0, #0]
 120 0024 98219FE5 		ldr	r2, .L39+16
 121 0028 000053E3 		cmp	r3, #0
 122 002c 0130A013 		movne	r3, #1
 123 0030 0030C2E5 		strb	r3, [r2, #0]
 124 0034 88319FE5 		ldr	r3, .L39+16
 125 0038 0030D3E5 		ldrb	r3, [r3, #0]	@ zero_extendqisi2
 126 003c 000053E3 		cmp	r3, #0
 127 0040 80319F05 		ldreq	r3, .L39+20
 128 0044 0020A003 		moveq	r2, #0
 129 0048 04B04CE2 		sub	fp, ip, #4
 130 004c 00208305 		streq	r2, [r3, #0]	@ float
 131 0050 6700000A 		beq	.L33
 132 0054 70419FE5 		ldr	r4, .L39+24
 133 0058 0030D4E5 		ldrb	r3, [r4, #0]	@ zero_extendqisi2
 134 005c 000053E3 		cmp	r3, #0
 135 0060 3900001A 		bne	.L37
 136 0064 64219FE5 		ldr	r2, .L39+28
 137 0068 B030D2E1 		ldrh	r3, [r2, #0]
 138 006c 013043E2 		sub	r3, r3, #1
 139 0070 B030C2E1 		strh	r3, [r2, #0]	@ movhi 
 140 0074 B030D2E1 		ldrh	r3, [r2, #0]
 141 0078 000053E3 		cmp	r3, #0
 142 007c 3000001A 		bne	.L19
 143 0080 4C319FE5 		ldr	r3, .L39+32
 144 0084 3C10A0E3 		mov	r1, #60
 145 0088 000093E5 		ldr	r0, [r3, #0]
 146 008c FEFFFFEB 		bl	__udivsi3
 147 0090 40119FE5 		ldr	r1, .L39+36
 148 0094 B000C1E1 		strh	r0, [r1, #0]	@ movhi 
 149 0098 3C319FE5 		ldr	r3, .L39+40
 150 009c B020D1E1 		ldrh	r2, [r1, #0]
 151 00a0 030052E1 		cmp	r2, r3
 152 00a4 01308392 		addls	r3, r3, #1
 153 00a8 B030C191 		strlsh	r3, [r1, #0]	@ movhi 
 154 00ac 2C219FE5 		ldr	r2, .L39+44
 155 00b0 B030D1E1 		ldrh	r3, [r1, #0]
 156 00b4 020053E1 		cmp	r3, r2
 157 00b8 0130A0E3 		mov	r3, #1
 158 00bc B020C181 		strhih	r2, [r1, #0]	@ movhi 
 159 00c0 0030C4E5 		strb	r3, [r4, #0]
 160 00c4 360000EA 		b	.L18
 161              	.L19:
 162 00c8 3C0053E3 		cmp	r3, #60
 163 00cc 00119F95 		ldrls	r1, .L39+32
 164 00d0 B020D091 		ldrlsh	r2, [r0, #0]
 165 00d4 00309195 		ldrls	r3, [r1, #0]
 166 00d8 02308390 		addls	r3, r3, r2
 167 00dc 00308195 		strls	r3, [r1, #0]
 168              	.L18:
 169 00e0 0030D4E5 		ldrb	r3, [r4, #0]	@ zero_extendqisi2
 170 00e4 000053E3 		cmp	r3, #0
 171 00e8 4900000A 		beq	.L24
 172              	.L37:
 173 00ec CC309FE5 		ldr	r3, .L39+12
 174 00f0 B000D3E1 		ldrh	r0, [r3, #0]
 175 00f4 DC309FE5 		ldr	r3, .L39+36
 176 00f8 B030D3E1 		ldrh	r3, [r3, #0]
 177 00fc 030050E1 		cmp	r0, r3
 178 0100 4900009A 		bls	.L24
 179 0104 000063E0 		rsb	r0, r3, r0
 180 0108 FEFFFFEB 		bl	__floatsisf
 181 010c FEFFFFEB 		bl	sqrtf
 182 0110 FEFFFFEB 		bl	__extendsfdf2
 183 0114 98208FE2 		adr	r2, .L39
 184 0118 0C0092E8 		ldmia	r2, {r2-r3}
 185 011c FEFFFFEB 		bl	__muldf3
 186 0120 FEFFFFEB 		bl	__truncdfsf2
 187 0124 0040A0E1 		mov	r4, r0
 188 0128 4A0000EA 		b	.L25
 189              	.L24:
 190 012c 0040A0E3 		mov	r4, #0
 191              	.L25:
 192 0130 0400A0E1 		mov	r0, r4
 193 0134 0010A0E3 		mov	r1, #0
 194 0138 FEFFFFEB 		bl	__ltsf2
 195 013c A0209FE5 		ldr	r2, .L39+48
 196 0140 0010A0E3 		mov	r1, #0
 197 0144 003092E5 		ldr	r3, [r2, #0]
 198 0148 000050E3 		cmp	r0, #0
 199 014c 94609FE5 		ldr	r6, .L39+52
 200 0150 0140A0B1 		movlt	r4, r1
 201 0154 034186E7 		str	r4, [r6, r3, asl #2]	@ float
 202 0158 013083E2 		add	r3, r3, #1
 203 015c 090053E3 		cmp	r3, #9
 204 0160 60509FE5 		ldr	r5, .L39+20
 205 0164 003082E5 		str	r3, [r2, #0]
 206 0168 0030A0C3 		movgt	r3, #0
 207 016c 003082C5 		strgt	r3, [r2, #0]
 208 0170 001085E5 		str	r1, [r5, #0]	@ float
 209 0174 0100A0E1 		mov	r0, r1
 210 0178 0040A0E3 		mov	r4, #0
 211              	.L32:
 212 017c 041196E7 		ldr	r1, [r6, r4, asl #2]	@ float
 213 0180 014084E2 		add	r4, r4, #1
 214 0184 FEFFFFEB 		bl	__addsf3
 215 0188 090054E3 		cmp	r4, #9
 216 018c 5D0000DA 		ble	.L32
 217 0190 54109FE5 		ldr	r1, .L39+56
 218 0194 FEFFFFEB 		bl	__divsf3
 219 0198 50309FE5 		ldr	r3, .L39+60
 220 019c 000085E5 		str	r0, [r5, #0]	@ float
 221 01a0 000083E5 		str	r0, [r3, #0]	@ float
 222              	.L33:
 223 01a4 0430A0E3 		mov	r3, #4
 224 01a8 2C3087E5 		str	r3, [r7, #44]
 225 01ac F0689DE8 		ldmfd	sp, {r4, r5, r6, r7, fp, sp, lr}
 226 01b0 1EFF2FE1 		bx	lr
 227              	.L40:
 228              		.align	2
 229              	.L39:
 230 01b4 CCCCFC3F 		.word	1073532108
 231 01b8 CDCCCCCC 		.word	-858993459
 232 01bc 00000000 		.word	airspeed_ets_i2c_trans
 233 01c0 00000000 		.word	airspeed_ets_raw
 234 01c4 00000000 		.word	airspeed_ets_valid
 235 01c8 00000000 		.word	airspeed_ets
 236 01cc 00000000 		.word	airspeed_ets_offset_init
 237 01d0 00000000 		.word	airspeed_ets_cnt
 238 01d4 00000000 		.word	airspeed_ets_offset_tmp
 239 01d8 00000000 		.word	airspeed_ets_offset
 240 01dc A9050000 		.word	1449
 241 01e0 D6060000 		.word	1750
 242 01e4 00000000 		.word	airspeed_ets_buffer_idx
 243 01e8 00000000 		.word	airspeed_ets_buffer
 244 01ec 00002041 		.word	1092616192
 245 01f0 00000000 		.word	estimator_airspeed
 247              		.global	airspeed_ets_raw
 248              		.section	.bss.airspeed_ets_raw,"aw",%nobits
 249              		.align	1
 252              	airspeed_ets_raw:
 253 0000 0000     		.space	2
 254              		.global	airspeed_ets_offset
 255              		.section	.bss.airspeed_ets_offset,"aw",%nobits
 256              		.align	1
 259              	airspeed_ets_offset:
 260 0000 0000     		.space	2
 261              		.global	airspeed_ets_valid
 262              		.section	.bss.airspeed_ets_valid,"aw",%nobits
 265              	airspeed_ets_valid:
 266 0000 00       		.space	1
 267              		.global	airspeed_ets
 268              		.section	.bss.airspeed_ets,"aw",%nobits
 269              		.align	2
 272              	airspeed_ets:
 273 0000 00000000 		.space	4
 274              		.global	airspeed_ets_i2c_trans
 275              		.section	.bss.airspeed_ets_i2c_trans,"aw",%nobits
 276              		.align	2
 279              	airspeed_ets_i2c_trans:
 280 0000 00000000 		.space	48
 280      00000000 
 280      00000000 
 280      00000000 
 280      00000000 
 281              		.global	airspeed_ets_buffer_idx
 282              		.section	.bss.airspeed_ets_buffer_idx,"aw",%nobits
 283              		.align	2
 286              	airspeed_ets_buffer_idx:
 287 0000 00000000 		.space	4
 288              		.global	airspeed_ets_buffer
 289              		.section	.bss.airspeed_ets_buffer,"aw",%nobits
 290              		.align	2
 293              	airspeed_ets_buffer:
 294 0000 00000000 		.space	40
 294      00000000 
 294      00000000 
 294      00000000 
 294      00000000 
 295              		.global	airspeed_ets_i2c_done
 296              		.section	.bss.airspeed_ets_i2c_done,"aw",%nobits
 299              	airspeed_ets_i2c_done:
 300 0000 00       		.space	1
 301              		.global	airspeed_ets_offset_init
 302              		.section	.bss.airspeed_ets_offset_init,"aw",%nobits
 305              	airspeed_ets_offset_init:
 306 0000 00       		.space	1
 307              		.global	airspeed_ets_offset_tmp
 308              		.section	.bss.airspeed_ets_offset_tmp,"aw",%nobits
 309              		.align	2
 312              	airspeed_ets_offset_tmp:
 313 0000 00000000 		.space	4
 314              		.global	airspeed_ets_cnt
 315              		.section	.bss.airspeed_ets_cnt,"aw",%nobits
 316              		.align	1
 319              	airspeed_ets_cnt:
 320 0000 0000     		.space	2
 321              		.ident	"GCC: (GNU) 3.4.4"
DEFINED SYMBOLS
                            *ABS*:00000000 airspeed_ets.c
     /tmp/cc30e7eV.s:6      .text.airspeed_ets_init:00000000 airspeed_ets_init
     /tmp/cc30e7eV.s:11     .text.airspeed_ets_init:00000000 $a
     /tmp/cc30e7eV.s:48     .text.airspeed_ets_init:00000080 $d
     /tmp/cc30e7eV.s:272    .bss.airspeed_ets:00000000 airspeed_ets
     /tmp/cc30e7eV.s:265    .bss.airspeed_ets_valid:00000000 airspeed_ets_valid
     /tmp/cc30e7eV.s:305    .bss.airspeed_ets_offset_init:00000000 airspeed_ets_offset_init
     /tmp/cc30e7eV.s:252    .bss.airspeed_ets_raw:00000000 airspeed_ets_raw
     /tmp/cc30e7eV.s:259    .bss.airspeed_ets_offset:00000000 airspeed_ets_offset
     /tmp/cc30e7eV.s:312    .bss.airspeed_ets_offset_tmp:00000000 airspeed_ets_offset_tmp
     /tmp/cc30e7eV.s:299    .bss.airspeed_ets_i2c_done:00000000 airspeed_ets_i2c_done
     /tmp/cc30e7eV.s:286    .bss.airspeed_ets_buffer_idx:00000000 airspeed_ets_buffer_idx
     /tmp/cc30e7eV.s:319    .bss.airspeed_ets_cnt:00000000 airspeed_ets_cnt
     /tmp/cc30e7eV.s:293    .bss.airspeed_ets_buffer:00000000 airspeed_ets_buffer
     /tmp/cc30e7eV.s:279    .bss.airspeed_ets_i2c_trans:00000000 airspeed_ets_i2c_trans
     /tmp/cc30e7eV.s:64     .text.airspeed_ets_read_periodic:00000000 airspeed_ets_read_periodic
     /tmp/cc30e7eV.s:68     .text.airspeed_ets_read_periodic:00000000 $a
     /tmp/cc30e7eV.s:92     .text.airspeed_ets_read_periodic:00000050 $d
     /tmp/cc30e7eV.s:107    .text.airspeed_ets_read_event:00000000 airspeed_ets_read_event
     /tmp/cc30e7eV.s:111    .text.airspeed_ets_read_event:00000000 $a
     /tmp/cc30e7eV.s:230    .text.airspeed_ets_read_event:000001b4 $d

UNDEFINED SYMBOLS
i2c_submit
i2c0
__udivsi3
__floatsisf
__extendsfdf2
__muldf3
__truncdfsf2
__ltsf2
__addsf3
__divsf3
sqrtf
estimator_airspeed
