   1              		.file	"electrical.c"
   2              		.section	.text.electrical_init,"ax",%progbits
   3              		.align	2
   4              		.global	electrical_init
   6              	electrical_init:
   7              		@ Function supports interworking.
   8              		@ args = 0, pretend = 0, frame = 0
   9              		@ frame_needed = 1, uses_anonymous_args = 0
  10 0000 0DC0A0E1 		mov	ip, sp
  11 0004 10D82DE9 		stmfd	sp!, {r4, fp, ip, lr, pc}
  12 0008 30409FE5 		ldr	r4, .L2
  13 000c 04B04CE2 		sub	fp, ip, #4
  14 0010 2CC09FE5 		ldr	ip, .L2+4
  15 0014 0030A0E3 		mov	r3, #0
  16 0018 0D00A0E3 		mov	r0, #13
  17 001c 0410A0E1 		mov	r1, r4
  18 0020 2020A0E3 		mov	r2, #32
  19 0024 04308CE5 		str	r3, [ip, #4]
  20 0028 0030CCE5 		strb	r3, [ip, #0]
  21 002c FEFFFFEB 		bl	adc_buf_channel
  22 0030 10309FE5 		ldr	r3, .L2+8
  23 0034 483084E5 		str	r3, [r4, #72]	@ float
  24 0038 10689DE8 		ldmfd	sp, {r4, fp, sp, lr}
  25 003c 1EFF2FE1 		bx	lr
  26              	.L3:
  27              		.align	2
  28              	.L2:
  29 0040 00000000 		.word	electrical_priv
  30 0044 00000000 		.word	electrical
  31 0048 9A99993F 		.word	1067030938
  33              		.global	__udivsi3
  34              		.global	__floatsidf
  35              		.global	__adddf3
  36              		.global	__muldf3
  37              		.global	__fixunsdfsi
  38              		.global	__floatsisf
  39              		.global	__divsf3
  40              		.global	__extendsfdf2
  41              		.global	__mulsf3
  42              		.global	__subdf3
  43              		.global	__divdf3
  44              		.global	__fixdfsi
  45              		.section	.text.electrical_periodic,"ax",%progbits
  46              		.align	2
  47              		.global	electrical_periodic
  49              	electrical_periodic:
  50              		@ Function supports interworking.
  51              		@ args = 0, pretend = 0, frame = 0
  52              		@ frame_needed = 1, uses_anonymous_args = 0
  53 0000 0DC0A0E1 		mov	ip, sp
  54 0004 F0DD2DE9 		stmfd	sp!, {r4, r5, r6, r7, r8, sl, fp, ip, lr, pc}
  55 0008 60819FE5 		ldr	r8, .L6+32
  56 000c 04B04CE2 		sub	fp, ip, #4
  57 0010 4510D8E5 		ldrb	r1, [r8, #69]	@ zero_extendqisi2
  58 0014 000098E5 		ldr	r0, [r8, #0]
  59 0018 FEFFFFEB 		bl	__udivsi3
  60 001c 004180E0 		add	r4, r0, r0, asl #2
  61 0020 8440A0E1 		mov	r4, r4, asl #1
  62 0024 0400A0E1 		mov	r0, r4
  63 0028 FEFFFFEB 		bl	__floatsidf
  64 002c 000054E3 		cmp	r4, #0
  65 0030 0160A0E1 		mov	r6, r1
  66 0034 0050A0E1 		mov	r5, r0
  67 0038 112E8FE2 		adr	r2, .L6
  68 003c 0C0092E8 		ldmia	r2, {r2-r3}
  69 0040 2CA19FE5 		ldr	sl, .L6+36
  70 0044 130000AA 		bge	.L5
  71 0048 FEFFFFEB 		bl	__adddf3
  72 004c 0160A0E1 		mov	r6, r1
  73 0050 0050A0E1 		mov	r5, r0
  74              	.L5:
  75 0054 FC208FE2 		adr	r2, .L6+8
  76 0058 0C0092E8 		ldmia	r2, {r2-r3}
  77 005c 0610A0E1 		mov	r1, r6
  78 0060 0500A0E1 		mov	r0, r5
  79 0064 FEFFFFEB 		bl	__muldf3
  80 0068 FEFFFFEB 		bl	__fixunsdfsi
  81 006c 04319FE5 		ldr	r3, .L6+40
  82 0070 0000CAE5 		strb	r0, [sl, #0]
  83 0074 F000D3E1 		ldrsh	r0, [r3, #0]
  84 0078 FEFFFFEB 		bl	__floatsisf
  85 007c F8109FE5 		ldr	r1, .L6+44
  86 0080 FEFFFFEB 		bl	__divsf3
  87 0084 0040A0E1 		mov	r4, r0
  88 0088 480098E5 		ldr	r0, [r8, #72]	@ float
  89 008c FEFFFFEB 		bl	__extendsfdf2
  90 0090 0130A0E1 		mov	r3, r1
  91 0094 0020A0E1 		mov	r2, r0
  92 0098 C0008FE2 		adr	r0, .L6+16
  93 009c 030090E8 		ldmia	r0, {r0-r1}
  94 00a0 FEFFFFEB 		bl	pow
  95 00a4 0170A0E1 		mov	r7, r1
  96 00a8 0060A0E1 		mov	r6, r0
  97 00ac 0410A0E1 		mov	r1, r4
  98 00b0 C8009FE5 		ldr	r0, .L6+48
  99 00b4 FEFFFFEB 		bl	__mulsf3
 100 00b8 FEFFFFEB 		bl	__extendsfdf2
 101 00bc 0150A0E1 		mov	r5, r1
 102 00c0 0040A0E1 		mov	r4, r0
 103 00c4 480098E5 		ldr	r0, [r8, #72]	@ float
 104 00c8 FEFFFFEB 		bl	__extendsfdf2
 105 00cc 0130A0E1 		mov	r3, r1
 106 00d0 0020A0E1 		mov	r2, r0
 107 00d4 0510A0E1 		mov	r1, r5
 108 00d8 0400A0E1 		mov	r0, r4
 109 00dc FEFFFFEB 		bl	pow
 110 00e0 0130A0E1 		mov	r3, r1
 111 00e4 0020A0E1 		mov	r2, r0
 112 00e8 0710A0E1 		mov	r1, r7
 113 00ec 0600A0E1 		mov	r0, r6
 114 00f0 FEFFFFEB 		bl	__subdf3
 115 00f4 0150A0E1 		mov	r5, r1
 116 00f8 0040A0E1 		mov	r4, r0
 117 00fc 480098E5 		ldr	r0, [r8, #72]	@ float
 118 0100 FEFFFFEB 		bl	__extendsfdf2
 119 0104 0130A0E1 		mov	r3, r1
 120 0108 0020A0E1 		mov	r2, r0
 121 010c 54008FE2 		adr	r0, .L6+24
 122 0110 030090E8 		ldmia	r0, {r0-r1}
 123 0114 FEFFFFEB 		bl	__divdf3
 124 0118 0130A0E1 		mov	r3, r1
 125 011c 0020A0E1 		mov	r2, r0
 126 0120 0510A0E1 		mov	r1, r5
 127 0124 0400A0E1 		mov	r0, r4
 128 0128 FEFFFFEB 		bl	pow
 129 012c 0130A0E1 		mov	r3, r1
 130 0130 0020A0E1 		mov	r2, r0
 131 0134 24008FE2 		adr	r0, .L6+16
 132 0138 030090E8 		ldmia	r0, {r0-r1}
 133 013c FEFFFFEB 		bl	__subdf3
 134 0140 FEFFFFEB 		bl	__fixdfsi
 135 0144 04008AE5 		str	r0, [sl, #4]
 136 0148 F06D9DE8 		ldmfd	sp, {r4, r5, r6, r7, r8, sl, fp, sp, lr}
 137 014c 1EFF2FE1 		bx	lr
 138              	.L7:
 139              		.align	2
 140              	.L6:
 141 0150 0000F041 		.word	1106247680
 142 0154 00000000 		.word	0
 143 0158 2153993F 		.word	1067012897
 144 015c E8034595 		.word	-1790639128
 145 0160 00409F40 		.word	1084178432
 146 0164 00000000 		.word	0
 147 0168 0000F03F 		.word	1072693248
 148 016c 00000000 		.word	0
 149 0170 00000000 		.word	electrical_priv
 150 0174 00000000 		.word	electrical
 151 0178 00000000 		.word	commands
 152 017c 00001646 		.word	1175846912
 153 0180 0000FA44 		.word	1157234688
 155              		.global	electrical
 156              		.section	.bss.electrical,"aw",%nobits
 157              		.align	2
 160              	electrical:
 161 0000 00000000 		.space	8
 161      00000000 
 162              		.section	.bss.electrical_priv,"aw",%nobits
 163              		.align	2
 166              	electrical_priv:
 167 0000 00000000 		.space	76
 167      00000000 
 167      00000000 
 167      00000000 
 167      00000000 
 168              		.ident	"GCC: (GNU) 3.4.4"
DEFINED SYMBOLS
                            *ABS*:00000000 electrical.c
     /tmp/ccORBJLO.s:6      .text.electrical_init:00000000 electrical_init
     /tmp/ccORBJLO.s:10     .text.electrical_init:00000000 $a
     /tmp/ccORBJLO.s:29     .text.electrical_init:00000040 $d
     /tmp/ccORBJLO.s:166    .bss.electrical_priv:00000000 electrical_priv
     /tmp/ccORBJLO.s:160    .bss.electrical:00000000 electrical
     /tmp/ccORBJLO.s:49     .text.electrical_periodic:00000000 electrical_periodic
     /tmp/ccORBJLO.s:53     .text.electrical_periodic:00000000 $a
     /tmp/ccORBJLO.s:141    .text.electrical_periodic:00000150 $d

UNDEFINED SYMBOLS
adc_buf_channel
__udivsi3
__floatsidf
__adddf3
__muldf3
__fixunsdfsi
__floatsisf
__divsf3
__extendsfdf2
__mulsf3
__subdf3
__divdf3
__fixdfsi
pow
commands
