   1              		.file	"guidance_v.c"
   2              		.section	.text.v_ctl_init,"ax",%progbits
   3              		.align	2
   4              		.global	v_ctl_init
   6              	v_ctl_init:
   7              		@ Function supports interworking.
   8              		@ args = 0, pretend = 0, frame = 0
   9              		@ frame_needed = 0, uses_anonymous_args = 0
  10 0000 30219FE5 		ldr	r2, .L2
  11 0004 30319FE5 		ldr	r3, .L2+4
  12 0008 10402DE9 		stmfd	sp!, {r4, lr}
  13 000c 2CC19FE5 		ldr	ip, .L2+8
  14 0010 002083E5 		str	r2, [r3, #0]	@ float
  15 0014 28319FE5 		ldr	r3, .L2+12
  16 0018 28219FE5 		ldr	r2, .L2+16
  17 001c 00C083E5 		str	ip, [r3, #0]	@ float
  18 0020 24319FE5 		ldr	r3, .L2+20
  19 0024 002083E5 		str	r2, [r3, #0]	@ float
  20 0028 20219FE5 		ldr	r2, .L2+24
  21 002c 20319FE5 		ldr	r3, .L2+28
  22 0030 002083E5 		str	r2, [r3, #0]	@ float
  23 0034 1C219FE5 		ldr	r2, .L2+32
  24 0038 1C319FE5 		ldr	r3, .L2+36
  25 003c 002083E5 		str	r2, [r3, #0]	@ float
  26 0040 18319FE5 		ldr	r3, .L2+40
  27 0044 BE24A0E3 		mov	r2, #-1107296256
  28 0048 002083E5 		str	r2, [r3, #0]	@ float
  29 004c 10219FE5 		ldr	r2, .L2+44
  30 0050 10319FE5 		ldr	r3, .L2+48
  31 0054 10419FE5 		ldr	r4, .L2+52
  32 0058 002083E5 		str	r2, [r3, #0]	@ float
  33 005c 0C319FE5 		ldr	r3, .L2+56
  34 0060 0C219FE5 		ldr	r2, .L2+60
  35 0064 004083E5 		str	r4, [r3, #0]	@ float
  36 0068 08319FE5 		ldr	r3, .L2+64
  37 006c 08E19FE5 		ldr	lr, .L2+68
  38 0070 002083E5 		str	r2, [r3, #0]	@ float
  39 0074 04319FE5 		ldr	r3, .L2+72
  40 0078 04219FE5 		ldr	r2, .L2+76
  41 007c 00E083E5 		str	lr, [r3, #0]	@ float
  42 0080 00319FE5 		ldr	r3, .L2+80
  43 0084 002083E5 		str	r2, [r3, #0]	@ float
  44 0088 FC309FE5 		ldr	r3, .L2+84
  45 008c FD25A0E3 		mov	r2, #1061158912
  46 0090 002083E5 		str	r2, [r3, #0]	@ float
  47 0094 F4309FE5 		ldr	r3, .L2+88
  48 0098 FA25A0E3 		mov	r2, #1048576000
  49 009c 002083E5 		str	r2, [r3, #0]	@ float
  50 00a0 EC309FE5 		ldr	r3, .L2+92
  51 00a4 0010A0E3 		mov	r1, #0
  52 00a8 001083E5 		str	r1, [r3, #0]	@ float
  53 00ac E4309FE5 		ldr	r3, .L2+96
  54 00b0 0000A0E3 		mov	r0, #0
  55 00b4 B000C3E1 		strh	r0, [r3, #0]	@ movhi 
  56 00b8 DC309FE5 		ldr	r3, .L2+100
  57 00bc 0000C3E5 		strb	r0, [r3, #0]
  58 00c0 D8309FE5 		ldr	r3, .L2+104
  59 00c4 001083E5 		str	r1, [r3, #0]	@ float
  60 00c8 D4309FE5 		ldr	r3, .L2+108
  61 00cc 001083E5 		str	r1, [r3, #0]	@ float
  62 00d0 D0309FE5 		ldr	r3, .L2+112
  63 00d4 001083E5 		str	r1, [r3, #0]	@ float
  64 00d8 CC309FE5 		ldr	r3, .L2+116
  65 00dc 001083E5 		str	r1, [r3, #0]	@ float
  66 00e0 C8309FE5 		ldr	r3, .L2+120
  67 00e4 0000C3E5 		strb	r0, [r3, #0]
  68 00e8 C4309FE5 		ldr	r3, .L2+124
  69 00ec 0000C3E5 		strb	r0, [r3, #0]
  70 00f0 C0309FE5 		ldr	r3, .L2+128
  71 00f4 00C083E5 		str	ip, [r3, #0]	@ float
  72 00f8 BC309FE5 		ldr	r3, .L2+132
  73 00fc 001083E5 		str	r1, [r3, #0]	@ float
  74 0100 B8309FE5 		ldr	r3, .L2+136
  75 0104 001083E5 		str	r1, [r3, #0]	@ float
  76 0108 B4309FE5 		ldr	r3, .L2+140
  77 010c 00E083E5 		str	lr, [r3, #0]	@ float
  78 0110 B0309FE5 		ldr	r3, .L2+144
  79 0114 001083E5 		str	r1, [r3, #0]	@ float
  80 0118 AC309FE5 		ldr	r3, .L2+148
  81 011c 001083E5 		str	r1, [r3, #0]	@ float
  82 0120 A8309FE5 		ldr	r3, .L2+152
  83 0124 004083E5 		str	r4, [r3, #0]	@ float
  84 0128 A4309FE5 		ldr	r3, .L2+156
  85 012c 001083E5 		str	r1, [r3, #0]	@ float
  86 0130 1040BDE8 		ldmfd	sp!, {r4, lr}
  87 0134 1EFF2FE1 		bx	lr
  88              	.L3:
  89              		.align	2
  90              	.L2:
  91 0138 8FC2F5BC 		.word	-1124744561
  92 013c 00000000 		.word	v_ctl_altitude_pgain
  93 0140 0AD7A33E 		.word	1050924810
  94 0144 00000000 		.word	v_ctl_auto_throttle_cruise_throttle
  95 0148 9A99193E 		.word	1041865114
  96 014c 00000000 		.word	v_ctl_auto_throttle_climb_throttle_increment
  97 0150 0AD723BC 		.word	-1138501878
  98 0154 00000000 		.word	v_ctl_auto_throttle_pgain
  99 0158 CDCCCC3D 		.word	1036831949
 100 015c 00000000 		.word	v_ctl_auto_throttle_igain
 101 0160 00000000 		.word	v_ctl_auto_pitch_pgain
 102 0164 CDCCCC3C 		.word	1020054733
 103 0168 00000000 		.word	v_ctl_auto_pitch_igain
 104 016c 00005041 		.word	1095761920
 105 0170 00000000 		.word	v_ctl_auto_airspeed_controlled
 106 0174 8FC2753D 		.word	1031127695
 107 0178 00000000 		.word	v_ctl_auto_airspeed_pgain
 108 017c CDCC4C3D 		.word	1028443341
 109 0180 00000000 		.word	v_ctl_auto_airspeed_igain
 110 0184 0000E040 		.word	1088421888
 111 0188 00000000 		.word	v_ctl_auto_groundspeed_setpoint
 112 018c 00000000 		.word	v_ctl_auto_groundspeed_pgain
 113 0190 00000000 		.word	v_ctl_auto_groundspeed_igain
 114 0194 00000000 		.word	v_ctl_auto_groundspeed_sum_err
 115 0198 00000000 		.word	v_ctl_throttle_setpoint
 116 019c 00000000 		.word	v_ctl_mode
 117 01a0 00000000 		.word	v_ctl_altitude_setpoint
 118 01a4 00000000 		.word	v_ctl_altitude_pre_climb
 119 01a8 00000000 		.word	v_ctl_altitude_error
 120 01ac 00000000 		.word	v_ctl_climb_setpoint
 121 01b0 00000000 		.word	v_ctl_climb_mode
 122 01b4 00000000 		.word	v_ctl_auto_throttle_submode
 123 01b8 00000000 		.word	v_ctl_auto_throttle_nominal_cruise_throttle
 124 01bc 00000000 		.word	v_ctl_auto_throttle_dgain
 125 01c0 00000000 		.word	v_ctl_auto_throttle_sum_err
 126 01c4 00000000 		.word	v_ctl_auto_throttle_pitch_of_vz_pgain
 127 01c8 00000000 		.word	v_ctl_auto_throttle_pitch_of_vz_dgain
 128 01cc 00000000 		.word	v_ctl_auto_pitch_sum_err
 129 01d0 00000000 		.word	v_ctl_auto_airspeed_setpoint
 130 01d4 00000000 		.word	v_ctl_auto_airspeed_sum_err
 132              		.global	__subsf3
 133              		.global	__extendsfdf2
 134              		.global	__divdf3
 135              		.global	__adddf3
 136              		.global	__truncdfsf2
 137              		.global	__gtsf2
 138              		.global	__ltsf2
 139              		.global	__mulsf3
 140              		.global	__addsf3
 141              		.section	.text.v_ctl_altitude_loop,"ax",%progbits
 142              		.align	2
 143              		.global	v_ctl_altitude_loop
 145              	v_ctl_altitude_loop:
 146              		@ Function supports interworking.
 147              		@ args = 0, pretend = 0, frame = 0
 148              		@ frame_needed = 1, uses_anonymous_args = 0
 149 0000 0DC0A0E1 		mov	ip, sp
 150 0004 F0D82DE9 		stmfd	sp!, {r4, r5, r6, r7, fp, ip, lr, pc}
 151 0008 5C719FE5 		ldr	r7, .L25+16
 152 000c 0030D7E5 		ldrb	r3, [r7, #0]	@ zero_extendqisi2
 153 0010 000053E3 		cmp	r3, #0
 154 0014 04B04CE2 		sub	fp, ip, #4
 155 0018 FE55A0E3 		mov	r5, #1065353216
 156 001c 1F00001A 		bne	.L5
 157 0020 48319FE5 		ldr	r3, .L25+20
 158 0024 003093E5 		ldr	r3, [r3, #0]
 159 0028 44119FE5 		ldr	r1, .L25+24
 160 002c 0201C3E3 		bic	r0, r3, #-2147483648
 161 0030 FEFFFFEB 		bl	__subsf3
 162 0034 FEFFFFEB 		bl	__extendsfdf2
 163 0038 472F8FE2 		adr	r2, .L25
 164 003c 0C0092E8 		ldmia	r2, {r2-r3}
 165 0040 FEFFFFEB 		bl	__divdf3
 166 0044 462F8FE2 		adr	r2, .L25+8
 167 0048 0C0092E8 		ldmia	r2, {r2-r3}
 168 004c FEFFFFEB 		bl	__adddf3
 169 0050 FEFFFFEB 		bl	__truncdfsf2
 170 0054 0111A0E3 		mov	r1, #1073741824
 171 0058 0050A0E1 		mov	r5, r0
 172 005c FEFFFFEB 		bl	__gtsf2
 173 0060 000050E3 		cmp	r0, #0
 174 0064 0151A0C3 		movgt	r5, #1073741824
 175 0068 1F0000CA 		bgt	.L5
 176 006c 0500A0E1 		mov	r0, r5
 177 0070 FE15A0E3 		mov	r1, #1065353216
 178 0074 FEFFFFEB 		bl	__ltsf2
 179 0078 FE35A0E3 		mov	r3, #1065353216
 180 007c 000050E3 		cmp	r0, #0
 181 0080 0350A0B1 		movlt	r5, r3
 182              	.L5:
 183 0084 EC309FE5 		ldr	r3, .L25+28
 184 0088 000093E5 		ldr	r0, [r3, #0]	@ float
 185 008c E8309FE5 		ldr	r3, .L25+32
 186 0090 001093E5 		ldr	r1, [r3, #0]	@ float
 187 0094 FEFFFFEB 		bl	__subsf3
 188 0098 E0309FE5 		ldr	r3, .L25+36
 189 009c CC609FE5 		ldr	r6, .L25+20
 190 00a0 0040A0E1 		mov	r4, r0
 191 00a4 001093E5 		ldr	r1, [r3, #0]	@ float
 192 00a8 0500A0E1 		mov	r0, r5
 193 00ac 004086E5 		str	r4, [r6, #0]	@ float
 194 00b0 FEFFFFEB 		bl	__mulsf3
 195 00b4 0410A0E1 		mov	r1, r4
 196 00b8 FEFFFFEB 		bl	__mulsf3
 197 00bc C0309FE5 		ldr	r3, .L25+40
 198 00c0 001093E5 		ldr	r1, [r3, #0]	@ float
 199 00c4 FEFFFFEB 		bl	__addsf3
 200 00c8 B8509FE5 		ldr	r5, .L25+44
 201 00cc 0040A0E1 		mov	r4, r0
 202 00d0 B4109FE5 		ldr	r1, .L25+48
 203 00d4 004085E5 		str	r4, [r5, #0]	@ float
 204 00d8 FEFFFFEB 		bl	__gtsf2
 205 00dc 000050E3 		cmp	r0, #0
 206 00e0 A4309FC5 		ldrgt	r3, .L25+48
 207 00e4 3E0000CA 		bgt	.L23
 208 00e8 0400A0E1 		mov	r0, r4
 209 00ec 9C109FE5 		ldr	r1, .L25+52
 210 00f0 FEFFFFEB 		bl	__ltsf2
 211 00f4 000050E3 		cmp	r0, #0
 212 00f8 3F0000AA 		bge	.L13
 213 00fc 8C309FE5 		ldr	r3, .L25+52
 214              	.L23:
 215 0100 003085E5 		str	r3, [r5, #0]	@ float
 216              	.L13:
 217 0104 0050D7E5 		ldrb	r5, [r7, #0]	@ zero_extendqisi2
 218 0108 000055E3 		cmp	r5, #0
 219 010c 5300001A 		bne	.L4
 220 0110 003096E5 		ldr	r3, [r6, #0]
 221 0114 0241C3E3 		bic	r4, r3, #-2147483648
 222 0118 0400A0E1 		mov	r0, r4
 223 011c 50109FE5 		ldr	r1, .L25+24
 224 0120 FEFFFFEB 		bl	__ltsf2
 225 0124 000050E3 		cmp	r0, #0
 226 0128 64309FB5 		ldrlt	r3, .L25+56
 227 012c 0050C3B5 		strltb	r5, [r3, #0]
 228 0130 530000BA 		blt	.L4
 229 0134 0400A0E1 		mov	r0, r4
 230 0138 58109FE5 		ldr	r1, .L25+60
 231 013c FEFFFFEB 		bl	__gtsf2
 232 0140 4C209FE5 		ldr	r2, .L25+56
 233 0144 000050E3 		cmp	r0, #0
 234 0148 0130A0C3 		movgt	r3, #1
 235 014c 0230A0D3 		movle	r3, #2
 236 0150 0030C2E5 		strb	r3, [r2, #0]
 237              	.L4:
 238 0154 F0689DE8 		ldmfd	sp, {r4, r5, r6, r7, fp, sp, lr}
 239 0158 1EFF2FE1 		bx	lr
 240              	.L26:
 241              		.align	2
 242              	.L25:
 243 015c 00002440 		.word	1076101120
 244 0160 00000000 		.word	0
 245 0164 0000F03F 		.word	1072693248
 246 0168 00000000 		.word	0
 247 016c 00000000 		.word	v_ctl_climb_mode
 248 0170 00000000 		.word	v_ctl_altitude_error
 249 0174 00002041 		.word	1092616192
 250 0178 00000000 		.word	estimator_z
 251 017c 00000000 		.word	v_ctl_altitude_setpoint
 252 0180 00000000 		.word	v_ctl_altitude_pgain
 253 0184 00000000 		.word	v_ctl_altitude_pre_climb
 254 0188 00000000 		.word	v_ctl_climb_setpoint
 255 018c 00008040 		.word	1082130432
 256 0190 000080C0 		.word	-1065353216
 257 0194 00000000 		.word	v_ctl_auto_throttle_submode
 258 0198 0000A041 		.word	1101004800
 260              		.section	.data.v_ctl_climb_setpoint_last.0,"aw",%progbits
 261              		.align	2
 264              	v_ctl_climb_setpoint_last.0:
 265 0000 00000000 		.word	0
 266              		.global	__divsf3
 267              		.global	__gtdf2
 268              		.global	__fixsfsi
 269              		.section	.text.v_ctl_climb_loop,"ax",%progbits
 270              		.align	2
 271              		.global	v_ctl_climb_loop
 273              	v_ctl_climb_loop:
 274              		@ Function supports interworking.
 275              		@ args = 0, pretend = 0, frame = 0
 276              		@ frame_needed = 1, uses_anonymous_args = 0
 277 0000 0DC0A0E1 		mov	ip, sp
 278 0004 F0DD2DE9 		stmfd	sp!, {r4, r5, r6, r7, r8, sl, fp, ip, lr, pc}
 279 0008 04349FE5 		ldr	r3, .L87+8
 280 000c 0030D3E5 		ldrb	r3, [r3, #0]	@ zero_extendqisi2
 281 0010 010053E3 		cmp	r3, #1
 282 0014 04B04CE2 		sub	fp, ip, #4
 283 0018 F8039FE5 		ldr	r0, .L87+12
 284 001c CA00000A 		beq	.L70
 285 0020 F4539FE5 		ldr	r5, .L87+16
 286 0024 0060A0E1 		mov	r6, r0
 287 0028 001095E5 		ldr	r1, [r5, #0]	@ float
 288 002c 000090E5 		ldr	r0, [r0, #0]	@ float
 289 0030 FEFFFFEB 		bl	__subsf3
 290 0034 3E14A0E3 		mov	r1, #1040187392
 291 0038 0040A0E1 		mov	r4, r0
 292 003c FEFFFFEB 		bl	__gtsf2
 293 0040 000050E3 		cmp	r0, #0
 294 0044 3E44A0C3 		movgt	r4, #1040187392
 295 0048 170000CA 		bgt	.L33
 296 004c 0400A0E1 		mov	r0, r4
 297 0050 BE14A0E3 		mov	r1, #-1107296256
 298 0054 FEFFFFEB 		bl	__ltsf2
 299 0058 BE34A0E3 		mov	r3, #-1107296256
 300 005c 000050E3 		cmp	r0, #0
 301 0060 0340A0B1 		movlt	r4, r3
 302              	.L33:
 303 0064 0410A0E1 		mov	r1, r4
 304 0068 000095E5 		ldr	r0, [r5, #0]	@ float
 305 006c FEFFFFEB 		bl	__addsf3
 306 0070 A8339FE5 		ldr	r3, .L87+20
 307 0074 0020A0E1 		mov	r2, r0
 308 0078 002086E5 		str	r2, [r6, #0]	@ float
 309 007c 002085E5 		str	r2, [r5, #0]	@ float
 310 0080 0010A0E1 		mov	r1, r0
 311 0084 000093E5 		ldr	r0, [r3, #0]	@ float
 312 0088 FEFFFFEB 		bl	__subsf3
 313 008c 90539FE5 		ldr	r5, .L87+24
 314 0090 0010A0E1 		mov	r1, r0
 315 0094 0070A0E1 		mov	r7, r0
 316 0098 000095E5 		ldr	r0, [r5, #0]	@ float
 317 009c FEFFFFEB 		bl	__addsf3
 318 00a0 80639FE5 		ldr	r6, .L87+28
 319 00a4 0040A0E1 		mov	r4, r0
 320 00a8 0610A0E1 		mov	r1, r6
 321 00ac 004085E5 		str	r4, [r5, #0]	@ float
 322 00b0 FEFFFFEB 		bl	__gtsf2
 323 00b4 000050E3 		cmp	r0, #0
 324 00b8 330000CA 		bgt	.L82
 325 00bc 68639FE5 		ldr	r6, .L87+32
 326 00c0 0400A0E1 		mov	r0, r4
 327 00c4 0610A0E1 		mov	r1, r6
 328 00c8 FEFFFFEB 		bl	__ltsf2
 329 00cc 000050E3 		cmp	r0, #0
 330 00d0 340000AA 		bge	.L38
 331              	.L82:
 332 00d4 006085E5 		str	r6, [r5, #0]	@ float
 333              	.L38:
 334 00d8 50339FE5 		ldr	r3, .L87+36
 335 00dc 001095E5 		ldr	r1, [r5, #0]	@ float
 336 00e0 000093E5 		ldr	r0, [r3, #0]	@ float
 337 00e4 FEFFFFEB 		bl	__mulsf3
 338 00e8 0010A0E1 		mov	r1, r0
 339 00ec 0700A0E1 		mov	r0, r7
 340 00f0 FEFFFFEB 		bl	__addsf3
 341 00f4 38339FE5 		ldr	r3, .L87+40
 342 00f8 0010A0E1 		mov	r1, r0
 343 00fc 000093E5 		ldr	r0, [r3, #0]	@ float
 344 0100 FEFFFFEB 		bl	__mulsf3
 345 0104 2C339FE5 		ldr	r3, .L87+44
 346 0108 00A0A0E1 		mov	sl, r0
 347 010c 000093E5 		ldr	r0, [r3, #0]	@ float
 348 0110 24339FE5 		ldr	r3, .L87+48
 349 0114 001093E5 		ldr	r1, [r3, #0]	@ float
 350 0118 FEFFFFEB 		bl	__subsf3
 351 011c 1C739FE5 		ldr	r7, .L87+52
 352 0120 0010A0E1 		mov	r1, r0
 353 0124 0060A0E1 		mov	r6, r0
 354 0128 000097E5 		ldr	r0, [r7, #0]	@ float
 355 012c FEFFFFEB 		bl	__addsf3
 356 0130 F0529FE5 		ldr	r5, .L87+28
 357 0134 0040A0E1 		mov	r4, r0
 358 0138 0510A0E1 		mov	r1, r5
 359 013c 004087E5 		str	r4, [r7, #0]	@ float
 360 0140 FEFFFFEB 		bl	__gtsf2
 361 0144 000050E3 		cmp	r0, #0
 362 0148 570000CA 		bgt	.L83
 363 014c D8529FE5 		ldr	r5, .L87+32
 364 0150 0400A0E1 		mov	r0, r4
 365 0154 0510A0E1 		mov	r1, r5
 366 0158 FEFFFFEB 		bl	__ltsf2
 367 015c 000050E3 		cmp	r0, #0
 368 0160 580000AA 		bge	.L43
 369              	.L83:
 370 0164 005087E5 		str	r5, [r7, #0]	@ float
 371              	.L43:
 372 0168 D4329FE5 		ldr	r3, .L87+56
 373 016c 008093E5 		ldr	r8, [r3, #0]	@ float
 374 0170 000097E5 		ldr	r0, [r7, #0]	@ float
 375 0174 0810A0E1 		mov	r1, r8
 376 0178 FEFFFFEB 		bl	__mulsf3
 377 017c 0010A0E1 		mov	r1, r0
 378 0180 0600A0E1 		mov	r0, r6
 379 0184 FEFFFFEB 		bl	__addsf3
 380 0188 B8329FE5 		ldr	r3, .L87+60
 381 018c 006093E5 		ldr	r6, [r3, #0]	@ float
 382 0190 0610A0E1 		mov	r1, r6
 383 0194 FEFFFFEB 		bl	__mulsf3
 384 0198 AC329FE5 		ldr	r3, .L87+64
 385 019c AC529FE5 		ldr	r5, .L87+68
 386 01a0 004093E5 		ldr	r4, [r3, #0]	@ float
 387 01a4 0020A0E1 		mov	r2, r0
 388 01a8 0410A0E1 		mov	r1, r4
 389 01ac 002085E5 		str	r2, [r5, #0]	@ float
 390 01b0 FEFFFFEB 		bl	__ltsf2
 391 01b4 000050E3 		cmp	r0, #0
 392 01b8 750000AA 		bge	.L46
 393 01bc 0810A0E1 		mov	r1, r8
 394 01c0 0600A0E1 		mov	r0, r6
 395 01c4 004085E5 		str	r4, [r5, #0]	@ float
 396 01c8 FEFFFFEB 		bl	__mulsf3
 397 01cc 0010A0E1 		mov	r1, r0
 398 01d0 0400A0E1 		mov	r0, r4
 399 01d4 FEFFFFEB 		bl	__divsf3
 400 01d8 000087E5 		str	r0, [r7, #0]	@ float
 401              	.L46:
 402 01dc 70329FE5 		ldr	r3, .L87+72
 403 01e0 000095E5 		ldr	r0, [r5, #0]	@ float
 404 01e4 001093E5 		ldr	r1, [r3, #0]	@ float
 405 01e8 FEFFFFEB 		bl	__subsf3
 406 01ec 64529FE5 		ldr	r5, .L87+76
 407 01f0 0010A0E1 		mov	r1, r0
 408 01f4 0070A0E1 		mov	r7, r0
 409 01f8 000095E5 		ldr	r0, [r5, #0]	@ float
 410 01fc FEFFFFEB 		bl	__addsf3
 411 0200 54629FE5 		ldr	r6, .L87+80
 412 0204 0040A0E1 		mov	r4, r0
 413 0208 0610A0E1 		mov	r1, r6
 414 020c 004085E5 		str	r4, [r5, #0]	@ float
 415 0210 FEFFFFEB 		bl	__gtsf2
 416 0214 000050E3 		cmp	r0, #0
 417 0218 8B0000CA 		bgt	.L84
 418 021c 3C629FE5 		ldr	r6, .L87+84
 419 0220 0400A0E1 		mov	r0, r4
 420 0224 0610A0E1 		mov	r1, r6
 421 0228 FEFFFFEB 		bl	__ltsf2
 422 022c 000050E3 		cmp	r0, #0
 423 0230 8C0000AA 		bge	.L50
 424              	.L84:
 425 0234 006085E5 		str	r6, [r5, #0]	@ float
 426              	.L50:
 427 0238 24329FE5 		ldr	r3, .L87+88
 428 023c 000095E5 		ldr	r0, [r5, #0]	@ float
 429 0240 001093E5 		ldr	r1, [r3, #0]	@ float
 430 0244 FEFFFFEB 		bl	__mulsf3
 431 0248 0010A0E1 		mov	r1, r0
 432 024c 0700A0E1 		mov	r0, r7
 433 0250 FEFFFFEB 		bl	__addsf3
 434 0254 0C329FE5 		ldr	r3, .L87+92
 435 0258 001093E5 		ldr	r1, [r3, #0]	@ float
 436 025c FEFFFFEB 		bl	__mulsf3
 437 0260 0040A0E1 		mov	r4, r0
 438 0264 FEFFFFEB 		bl	__extendsfdf2
 439 0268 672F8FE2 		adr	r2, .L87
 440 026c 0C0092E8 		ldmia	r2, {r2-r3}
 441 0270 FEFFFFEB 		bl	__gtdf2
 442 0274 000050E3 		cmp	r0, #0
 443 0278 EC419FC5 		ldrgt	r4, .L87+96
 444 027c A40000CA 		bgt	.L55
 445 0280 0400A0E1 		mov	r0, r4
 446 0284 0010A0E3 		mov	r1, #0
 447 0288 FEFFFFEB 		bl	__ltsf2
 448 028c 0030A0E3 		mov	r3, #0
 449 0290 000050E3 		cmp	r0, #0
 450 0294 0340A0B1 		movlt	r4, r3
 451              	.L55:
 452 0298 D0619FE5 		ldr	r6, .L87+100
 453 029c 0400A0E1 		mov	r0, r4
 454 02a0 CC119FE5 		ldr	r1, .L87+104
 455 02a4 00A086E5 		str	sl, [r6, #0]	@ float
 456 02a8 FEFFFFEB 		bl	__mulsf3
 457 02ac 0010A0E3 		mov	r1, #0
 458 02b0 0040A0E1 		mov	r4, r0
 459 02b4 FEFFFFEB 		bl	__ltsf2
 460 02b8 000050E3 		cmp	r0, #0
 461 02bc 0020A0B3 		movlt	r2, #0	@ movhi
 462 02c0 B80000BA 		blt	.L59
 463 02c4 0400A0E1 		mov	r0, r4
 464 02c8 A4119FE5 		ldr	r1, .L87+104
 465 02cc FEFFFFEB 		bl	__gtsf2
 466 02d0 000050E3 		cmp	r0, #0
 467 02d4 962DA0C3 		movgt	r2, #9600	@ movhi
 468 02d8 B80000CA 		bgt	.L59
 469 02dc 0400A0E1 		mov	r0, r4
 470 02e0 FEFFFFEB 		bl	__fixsfsi
 471 02e4 0020A0E1 		mov	r2, r0	@ movhi
 472              	.L59:
 473 02e8 004096E5 		ldr	r4, [r6, #0]	@ float
 474 02ec 84319FE5 		ldr	r3, .L87+108
 475 02f0 FA55A0E3 		mov	r5, #1048576000
 476 02f4 0400A0E1 		mov	r0, r4
 477 02f8 0510A0E1 		mov	r1, r5
 478 02fc B020C3E1 		strh	r2, [r3, #0]	@ movhi 
 479 0300 FEFFFFEB 		bl	__gtsf2
 480 0304 000050E3 		cmp	r0, #0
 481 0308 005086C5 		strgt	r5, [r6, #0]	@ float
 482 030c FF0000CA 		bgt	.L27
 483 0310 64519FE5 		ldr	r5, .L87+112
 484 0314 0400A0E1 		mov	r0, r4
 485 0318 0510A0E1 		mov	r1, r5
 486 031c FEFFFFEB 		bl	__ltsf2
 487 0320 000050E3 		cmp	r0, #0
 488 0324 44319FB5 		ldrlt	r3, .L87+100
 489 0328 005083B5 		strlt	r5, [r3, #0]	@ float
 490 032c FF0000EA 		b	.L27
 491              	.L70:
 492 0330 E8309FE5 		ldr	r3, .L87+20
 493 0334 001090E5 		ldr	r1, [r0, #0]	@ float
 494 0338 000093E5 		ldr	r0, [r3, #0]	@ float
 495 033c FEFFFFEB 		bl	__subsf3
 496 0340 38219FE5 		ldr	r2, .L87+116
 497 0344 2C319FE5 		ldr	r3, .L87+108
 498 0348 B020D2E1 		ldrh	r2, [r2, #0]
 499 034c D0509FE5 		ldr	r5, .L87+24
 500 0350 0070A0E1 		mov	r7, r0
 501 0354 0710A0E1 		mov	r1, r7
 502 0358 000095E5 		ldr	r0, [r5, #0]	@ float
 503 035c B020C3E1 		strh	r2, [r3, #0]	@ movhi 
 504 0360 FEFFFFEB 		bl	__addsf3
 505 0364 BC609FE5 		ldr	r6, .L87+28
 506 0368 0040A0E1 		mov	r4, r0
 507 036c 0610A0E1 		mov	r1, r6
 508 0370 004085E5 		str	r4, [r5, #0]	@ float
 509 0374 FEFFFFEB 		bl	__gtsf2
 510 0378 000050E3 		cmp	r0, #0
 511 037c E40000CA 		bgt	.L85
 512 0380 A4609FE5 		ldr	r6, .L87+32
 513 0384 0400A0E1 		mov	r0, r4
 514 0388 0610A0E1 		mov	r1, r6
 515 038c FEFFFFEB 		bl	__ltsf2
 516 0390 000050E3 		cmp	r0, #0
 517 0394 E50000AA 		bge	.L73
 518              	.L85:
 519 0398 006085E5 		str	r6, [r5, #0]	@ float
 520              	.L73:
 521 039c 8C309FE5 		ldr	r3, .L87+36
 522 03a0 001095E5 		ldr	r1, [r5, #0]	@ float
 523 03a4 000093E5 		ldr	r0, [r3, #0]	@ float
 524 03a8 FEFFFFEB 		bl	__mulsf3
 525 03ac 0010A0E1 		mov	r1, r0
 526 03b0 0700A0E1 		mov	r0, r7
 527 03b4 FEFFFFEB 		bl	__addsf3
 528 03b8 74309FE5 		ldr	r3, .L87+40
 529 03bc 0010A0E1 		mov	r1, r0
 530 03c0 000093E5 		ldr	r0, [r3, #0]	@ float
 531 03c4 FEFFFFEB 		bl	__mulsf3
 532 03c8 A0509FE5 		ldr	r5, .L87+100
 533 03cc 0040A0E1 		mov	r4, r0
 534 03d0 FA65A0E3 		mov	r6, #1048576000
 535 03d4 0610A0E1 		mov	r1, r6
 536 03d8 004085E5 		str	r4, [r5, #0]	@ float
 537 03dc FEFFFFEB 		bl	__gtsf2
 538 03e0 000050E3 		cmp	r0, #0
 539 03e4 FE0000CA 		bgt	.L86
 540 03e8 8C609FE5 		ldr	r6, .L87+112
 541 03ec 0400A0E1 		mov	r0, r4
 542 03f0 0610A0E1 		mov	r1, r6
 543 03f4 FEFFFFEB 		bl	__ltsf2
 544 03f8 000050E3 		cmp	r0, #0
 545 03fc FF0000AA 		bge	.L27
 546              	.L86:
 547 0400 006085E5 		str	r6, [r5, #0]	@ float
 548              	.L27:
 549 0404 F06D9DE8 		ldmfd	sp, {r4, r5, r6, r7, r8, sl, fp, sp, lr}
 550 0408 1EFF2FE1 		bx	lr
 551              	.L88:
 552              		.align	2
 553              	.L87:
 554 040c CCCCE43F 		.word	1071959244
 555 0410 CDCCCCCC 		.word	-858993459
 556 0414 00000000 		.word	v_ctl_climb_mode
 557 0418 00000000 		.word	v_ctl_climb_setpoint
 558 041c 00000000 		.word	v_ctl_climb_setpoint_last.0
 559 0420 00000000 		.word	estimator_z_dot
 560 0424 00000000 		.word	v_ctl_auto_pitch_sum_err
 561 0428 0000C842 		.word	1120403456
 562 042c 0000C8C2 		.word	-1027080192
 563 0430 00000000 		.word	v_ctl_auto_pitch_igain
 564 0434 00000000 		.word	v_ctl_auto_pitch_pgain
 565 0438 00000000 		.word	v_ctl_auto_groundspeed_setpoint
 566 043c 00000000 		.word	estimator_hspeed_mod
 567 0440 00000000 		.word	v_ctl_auto_groundspeed_sum_err
 568 0444 00000000 		.word	v_ctl_auto_groundspeed_igain
 569 0448 00000000 		.word	v_ctl_auto_groundspeed_pgain
 570 044c 00000000 		.word	v_ctl_auto_airspeed_setpoint
 571 0450 00000000 		.word	v_ctl_auto_airspeed_controlled
 572 0454 00000000 		.word	estimator_airspeed
 573 0458 00000000 		.word	v_ctl_auto_airspeed_sum_err
 574 045c 00004843 		.word	1128792064
 575 0460 000048C3 		.word	-1018691584
 576 0464 00000000 		.word	v_ctl_auto_airspeed_igain
 577 0468 00000000 		.word	v_ctl_auto_airspeed_pgain
 578 046c 6666263F 		.word	1059481190
 579 0470 00000000 		.word	nav_pitch
 580 0474 00001646 		.word	1175846912
 581 0478 00000000 		.word	v_ctl_throttle_setpoint
 582 047c 000080BE 		.word	-1098907648
 583 0480 00000000 		.word	nav_throttle_setpoint
 585              		.global	__floatsidf
 586              		.global	__ltdf2
 587              		.section	.text.v_ctl_throttle_slew,"ax",%progbits
 588              		.align	2
 589              		.global	v_ctl_throttle_slew
 591              	v_ctl_throttle_slew:
 592              		@ Function supports interworking.
 593              		@ args = 0, pretend = 0, frame = 0
 594              		@ frame_needed = 1, uses_anonymous_args = 0
 595 0000 0DC0A0E1 		mov	ip, sp
 596 0004 F0D82DE9 		stmfd	sp!, {r4, r5, r6, r7, fp, ip, lr, pc}
 597 0008 84309FE5 		ldr	r3, .L95+16
 598 000c 84709FE5 		ldr	r7, .L95+20
 599 0010 B030D3E1 		ldrh	r3, [r3, #0]
 600 0014 B020D7E1 		ldrh	r2, [r7, #0]
 601 0018 033062E0 		rsb	r3, r2, r3
 602 001c 0338A0E1 		mov	r3, r3, asl #16
 603 0020 04B04CE2 		sub	fp, ip, #4
 604 0024 4308A0E1 		mov	r0, r3, asr #16
 605 0028 2368A0E1 		mov	r6, r3, lsr #16
 606 002c FEFFFFEB 		bl	__floatsidf
 607 0030 4C208FE2 		adr	r2, .L95
 608 0034 0C0092E8 		ldmia	r2, {r2-r3}
 609 0038 0150A0E1 		mov	r5, r1
 610 003c 0040A0E1 		mov	r4, r0
 611 0040 FEFFFFEB 		bl	__gtdf2
 612 0044 000050E3 		cmp	r0, #0
 613 0048 3C208FE2 		adr	r2, .L95+8
 614 004c 0C0092E8 		ldmia	r2, {r2-r3}
 615 0050 0510A0E1 		mov	r1, r5
 616 0054 0400A0E1 		mov	r0, r4
 617 0058 5060A0C3 		movgt	r6, #80
 618 005c 1A0000CA 		bgt	.L92
 619 0060 FEFFFFEB 		bl	__ltdf2
 620 0064 30309FE5 		ldr	r3, .L95+24
 621 0068 000050E3 		cmp	r0, #0
 622 006c 0360A0B1 		movlt	r6, r3
 623              	.L92:
 624 0070 B030D7E1 		ldrh	r3, [r7, #0]
 625 0074 063083E0 		add	r3, r3, r6
 626 0078 B030C7E1 		strh	r3, [r7, #0]	@ movhi 
 627 007c F0689DE8 		ldmfd	sp, {r4, r5, r6, r7, fp, sp, lr}
 628 0080 1EFF2FE1 		bx	lr
 629              	.L96:
 630              		.align	2
 631              	.L95:
 632 0084 00005440 		.word	1079246848
 633 0088 00000000 		.word	0
 634 008c 000054C0 		.word	-1068236800
 635 0090 00000000 		.word	0
 636 0094 00000000 		.word	v_ctl_throttle_setpoint
 637 0098 00000000 		.word	v_ctl_throttle_slewed
 638 009c B0FF0000 		.word	65456
 640              		.global	v_ctl_mode
 641              		.section	.bss.v_ctl_mode,"aw",%nobits
 644              	v_ctl_mode:
 645 0000 00       		.space	1
 646              		.global	v_ctl_altitude_error
 647              		.section	.bss.v_ctl_altitude_error,"aw",%nobits
 648              		.align	2
 651              	v_ctl_altitude_error:
 652 0000 00000000 		.space	4
 653              		.global	v_ctl_altitude_setpoint
 654              		.section	.bss.v_ctl_altitude_setpoint,"aw",%nobits
 655              		.align	2
 658              	v_ctl_altitude_setpoint:
 659 0000 00000000 		.space	4
 660              		.global	v_ctl_altitude_pre_climb
 661              		.section	.bss.v_ctl_altitude_pre_climb,"aw",%nobits
 662              		.align	2
 665              	v_ctl_altitude_pre_climb:
 666 0000 00000000 		.space	4
 667              		.global	v_ctl_altitude_pgain
 668              		.section	.bss.v_ctl_altitude_pgain,"aw",%nobits
 669              		.align	2
 672              	v_ctl_altitude_pgain:
 673 0000 00000000 		.space	4
 674              		.global	v_ctl_climb_setpoint
 675              		.section	.bss.v_ctl_climb_setpoint,"aw",%nobits
 676              		.align	2
 679              	v_ctl_climb_setpoint:
 680 0000 00000000 		.space	4
 681              		.global	v_ctl_climb_mode
 682              		.section	.bss.v_ctl_climb_mode,"aw",%nobits
 685              	v_ctl_climb_mode:
 686 0000 00       		.space	1
 687              		.global	v_ctl_auto_throttle_submode
 688              		.section	.bss.v_ctl_auto_throttle_submode,"aw",%nobits
 691              	v_ctl_auto_throttle_submode:
 692 0000 00       		.space	1
 693              		.global	v_ctl_auto_throttle_nominal_cruise_throttle
 694              		.section	.bss.v_ctl_auto_throttle_nominal_cruise_throttle,"aw",%nobits
 695              		.align	2
 698              	v_ctl_auto_throttle_nominal_cruise_throttle:
 699 0000 00000000 		.space	4
 700              		.global	v_ctl_auto_throttle_cruise_throttle
 701              		.section	.bss.v_ctl_auto_throttle_cruise_throttle,"aw",%nobits
 702              		.align	2
 705              	v_ctl_auto_throttle_cruise_throttle:
 706 0000 00000000 		.space	4
 707              		.global	v_ctl_auto_throttle_climb_throttle_increment
 708              		.section	.bss.v_ctl_auto_throttle_climb_throttle_increment,"aw",%nobits
 709              		.align	2
 712              	v_ctl_auto_throttle_climb_throttle_increment:
 713 0000 00000000 		.space	4
 714              		.global	v_ctl_auto_throttle_pgain
 715              		.section	.bss.v_ctl_auto_throttle_pgain,"aw",%nobits
 716              		.align	2
 719              	v_ctl_auto_throttle_pgain:
 720 0000 00000000 		.space	4
 721              		.global	v_ctl_auto_throttle_igain
 722              		.section	.bss.v_ctl_auto_throttle_igain,"aw",%nobits
 723              		.align	2
 726              	v_ctl_auto_throttle_igain:
 727 0000 00000000 		.space	4
 728              		.global	v_ctl_auto_throttle_dgain
 729              		.section	.bss.v_ctl_auto_throttle_dgain,"aw",%nobits
 730              		.align	2
 733              	v_ctl_auto_throttle_dgain:
 734 0000 00000000 		.space	4
 735              		.global	v_ctl_auto_throttle_sum_err
 736              		.section	.bss.v_ctl_auto_throttle_sum_err,"aw",%nobits
 737              		.align	2
 740              	v_ctl_auto_throttle_sum_err:
 741 0000 00000000 		.space	4
 742              		.global	v_ctl_auto_throttle_pitch_of_vz_pgain
 743              		.section	.bss.v_ctl_auto_throttle_pitch_of_vz_pgain,"aw",%nobits
 744              		.align	2
 747              	v_ctl_auto_throttle_pitch_of_vz_pgain:
 748 0000 00000000 		.space	4
 749              		.global	v_ctl_auto_throttle_pitch_of_vz_dgain
 750              		.section	.bss.v_ctl_auto_throttle_pitch_of_vz_dgain,"aw",%nobits
 751              		.align	2
 754              	v_ctl_auto_throttle_pitch_of_vz_dgain:
 755 0000 00000000 		.space	4
 756              		.global	v_ctl_auto_pitch_pgain
 757              		.section	.bss.v_ctl_auto_pitch_pgain,"aw",%nobits
 758              		.align	2
 761              	v_ctl_auto_pitch_pgain:
 762 0000 00000000 		.space	4
 763              		.global	v_ctl_auto_pitch_igain
 764              		.section	.bss.v_ctl_auto_pitch_igain,"aw",%nobits
 765              		.align	2
 768              	v_ctl_auto_pitch_igain:
 769 0000 00000000 		.space	4
 770              		.global	v_ctl_auto_pitch_sum_err
 771              		.section	.bss.v_ctl_auto_pitch_sum_err,"aw",%nobits
 772              		.align	2
 775              	v_ctl_auto_pitch_sum_err:
 776 0000 00000000 		.space	4
 777              		.global	v_ctl_throttle_setpoint
 778              		.section	.bss.v_ctl_throttle_setpoint,"aw",%nobits
 779              		.align	1
 782              	v_ctl_throttle_setpoint:
 783 0000 0000     		.space	2
 784              		.global	v_ctl_throttle_slewed
 785              		.section	.bss.v_ctl_throttle_slewed,"aw",%nobits
 786              		.align	1
 789              	v_ctl_throttle_slewed:
 790 0000 0000     		.space	2
 791              		.global	v_ctl_auto_airspeed_setpoint
 792              		.section	.bss.v_ctl_auto_airspeed_setpoint,"aw",%nobits
 793              		.align	2
 796              	v_ctl_auto_airspeed_setpoint:
 797 0000 00000000 		.space	4
 798              		.global	v_ctl_auto_airspeed_controlled
 799              		.section	.bss.v_ctl_auto_airspeed_controlled,"aw",%nobits
 800              		.align	2
 803              	v_ctl_auto_airspeed_controlled:
 804 0000 00000000 		.space	4
 805              		.global	v_ctl_auto_airspeed_pgain
 806              		.section	.bss.v_ctl_auto_airspeed_pgain,"aw",%nobits
 807              		.align	2
 810              	v_ctl_auto_airspeed_pgain:
 811 0000 00000000 		.space	4
 812              		.global	v_ctl_auto_airspeed_igain
 813              		.section	.bss.v_ctl_auto_airspeed_igain,"aw",%nobits
 814              		.align	2
 817              	v_ctl_auto_airspeed_igain:
 818 0000 00000000 		.space	4
 819              		.global	v_ctl_auto_airspeed_sum_err
 820              		.section	.bss.v_ctl_auto_airspeed_sum_err,"aw",%nobits
 821              		.align	2
 824              	v_ctl_auto_airspeed_sum_err:
 825 0000 00000000 		.space	4
 826              		.global	v_ctl_auto_groundspeed_setpoint
 827              		.section	.bss.v_ctl_auto_groundspeed_setpoint,"aw",%nobits
 828              		.align	2
 831              	v_ctl_auto_groundspeed_setpoint:
 832 0000 00000000 		.space	4
 833              		.global	v_ctl_auto_groundspeed_pgain
 834              		.section	.bss.v_ctl_auto_groundspeed_pgain,"aw",%nobits
 835              		.align	2
 838              	v_ctl_auto_groundspeed_pgain:
 839 0000 00000000 		.space	4
 840              		.global	v_ctl_auto_groundspeed_igain
 841              		.section	.bss.v_ctl_auto_groundspeed_igain,"aw",%nobits
 842              		.align	2
 845              	v_ctl_auto_groundspeed_igain:
 846 0000 00000000 		.space	4
 847              		.global	v_ctl_auto_groundspeed_sum_err
 848              		.section	.bss.v_ctl_auto_groundspeed_sum_err,"aw",%nobits
 849              		.align	2
 852              	v_ctl_auto_groundspeed_sum_err:
 853 0000 00000000 		.space	4
 854              		.ident	"GCC: (GNU) 3.4.4"
DEFINED SYMBOLS
                            *ABS*:00000000 guidance_v.c
     /tmp/ccaHvtGa.s:6      .text.v_ctl_init:00000000 v_ctl_init
     /tmp/ccaHvtGa.s:10     .text.v_ctl_init:00000000 $a
     /tmp/ccaHvtGa.s:91     .text.v_ctl_init:00000138 $d
     /tmp/ccaHvtGa.s:672    .bss.v_ctl_altitude_pgain:00000000 v_ctl_altitude_pgain
     /tmp/ccaHvtGa.s:705    .bss.v_ctl_auto_throttle_cruise_throttle:00000000 v_ctl_auto_throttle_cruise_throttle
     /tmp/ccaHvtGa.s:712    .bss.v_ctl_auto_throttle_climb_throttle_increment:00000000 v_ctl_auto_throttle_climb_throttle_increment
     /tmp/ccaHvtGa.s:719    .bss.v_ctl_auto_throttle_pgain:00000000 v_ctl_auto_throttle_pgain
     /tmp/ccaHvtGa.s:726    .bss.v_ctl_auto_throttle_igain:00000000 v_ctl_auto_throttle_igain
     /tmp/ccaHvtGa.s:761    .bss.v_ctl_auto_pitch_pgain:00000000 v_ctl_auto_pitch_pgain
     /tmp/ccaHvtGa.s:768    .bss.v_ctl_auto_pitch_igain:00000000 v_ctl_auto_pitch_igain
     /tmp/ccaHvtGa.s:803    .bss.v_ctl_auto_airspeed_controlled:00000000 v_ctl_auto_airspeed_controlled
     /tmp/ccaHvtGa.s:810    .bss.v_ctl_auto_airspeed_pgain:00000000 v_ctl_auto_airspeed_pgain
     /tmp/ccaHvtGa.s:817    .bss.v_ctl_auto_airspeed_igain:00000000 v_ctl_auto_airspeed_igain
     /tmp/ccaHvtGa.s:831    .bss.v_ctl_auto_groundspeed_setpoint:00000000 v_ctl_auto_groundspeed_setpoint
     /tmp/ccaHvtGa.s:838    .bss.v_ctl_auto_groundspeed_pgain:00000000 v_ctl_auto_groundspeed_pgain
     /tmp/ccaHvtGa.s:845    .bss.v_ctl_auto_groundspeed_igain:00000000 v_ctl_auto_groundspeed_igain
     /tmp/ccaHvtGa.s:852    .bss.v_ctl_auto_groundspeed_sum_err:00000000 v_ctl_auto_groundspeed_sum_err
     /tmp/ccaHvtGa.s:782    .bss.v_ctl_throttle_setpoint:00000000 v_ctl_throttle_setpoint
     /tmp/ccaHvtGa.s:644    .bss.v_ctl_mode:00000000 v_ctl_mode
     /tmp/ccaHvtGa.s:658    .bss.v_ctl_altitude_setpoint:00000000 v_ctl_altitude_setpoint
     /tmp/ccaHvtGa.s:665    .bss.v_ctl_altitude_pre_climb:00000000 v_ctl_altitude_pre_climb
     /tmp/ccaHvtGa.s:651    .bss.v_ctl_altitude_error:00000000 v_ctl_altitude_error
     /tmp/ccaHvtGa.s:679    .bss.v_ctl_climb_setpoint:00000000 v_ctl_climb_setpoint
     /tmp/ccaHvtGa.s:685    .bss.v_ctl_climb_mode:00000000 v_ctl_climb_mode
     /tmp/ccaHvtGa.s:691    .bss.v_ctl_auto_throttle_submode:00000000 v_ctl_auto_throttle_submode
     /tmp/ccaHvtGa.s:698    .bss.v_ctl_auto_throttle_nominal_cruise_throttle:00000000 v_ctl_auto_throttle_nominal_cruise_throttle
     /tmp/ccaHvtGa.s:733    .bss.v_ctl_auto_throttle_dgain:00000000 v_ctl_auto_throttle_dgain
     /tmp/ccaHvtGa.s:740    .bss.v_ctl_auto_throttle_sum_err:00000000 v_ctl_auto_throttle_sum_err
     /tmp/ccaHvtGa.s:747    .bss.v_ctl_auto_throttle_pitch_of_vz_pgain:00000000 v_ctl_auto_throttle_pitch_of_vz_pgain
     /tmp/ccaHvtGa.s:754    .bss.v_ctl_auto_throttle_pitch_of_vz_dgain:00000000 v_ctl_auto_throttle_pitch_of_vz_dgain
     /tmp/ccaHvtGa.s:775    .bss.v_ctl_auto_pitch_sum_err:00000000 v_ctl_auto_pitch_sum_err
     /tmp/ccaHvtGa.s:796    .bss.v_ctl_auto_airspeed_setpoint:00000000 v_ctl_auto_airspeed_setpoint
     /tmp/ccaHvtGa.s:824    .bss.v_ctl_auto_airspeed_sum_err:00000000 v_ctl_auto_airspeed_sum_err
     /tmp/ccaHvtGa.s:145    .text.v_ctl_altitude_loop:00000000 v_ctl_altitude_loop
     /tmp/ccaHvtGa.s:149    .text.v_ctl_altitude_loop:00000000 $a
     /tmp/ccaHvtGa.s:243    .text.v_ctl_altitude_loop:0000015c $d
     /tmp/ccaHvtGa.s:264    .data.v_ctl_climb_setpoint_last.0:00000000 v_ctl_climb_setpoint_last.0
     /tmp/ccaHvtGa.s:265    .data.v_ctl_climb_setpoint_last.0:00000000 $d
     /tmp/ccaHvtGa.s:273    .text.v_ctl_climb_loop:00000000 v_ctl_climb_loop
     /tmp/ccaHvtGa.s:277    .text.v_ctl_climb_loop:00000000 $a
     /tmp/ccaHvtGa.s:554    .text.v_ctl_climb_loop:0000040c $d
     /tmp/ccaHvtGa.s:591    .text.v_ctl_throttle_slew:00000000 v_ctl_throttle_slew
     /tmp/ccaHvtGa.s:595    .text.v_ctl_throttle_slew:00000000 $a
     /tmp/ccaHvtGa.s:632    .text.v_ctl_throttle_slew:00000084 $d
     /tmp/ccaHvtGa.s:789    .bss.v_ctl_throttle_slewed:00000000 v_ctl_throttle_slewed

UNDEFINED SYMBOLS
__subsf3
__extendsfdf2
__divdf3
__adddf3
__truncdfsf2
__gtsf2
__ltsf2
__mulsf3
__addsf3
estimator_z
__divsf3
__gtdf2
__fixsfsi
estimator_z_dot
estimator_hspeed_mod
estimator_airspeed
nav_pitch
nav_throttle_setpoint
__floatsidf
__ltdf2
