   1              		.file	"i2c.c"
   2              		.section	.text.i2c_init,"ax",%progbits
   3              		.align	2
   4              		.global	i2c_init
   6              	i2c_init:
   7              		@ Function supports interworking.
   8              		@ args = 0, pretend = 0, frame = 0
   9              		@ frame_needed = 0, uses_anonymous_args = 0
  10              		@ link register save eliminated.
  11 0000 0030A0E3 		mov	r3, #0
  12              		@ lr needed for prologue
  13 0004 243080E5 		str	r3, [r0, #36]
  14 0008 2030C0E5 		strb	r3, [r0, #32]
  15 000c 2130C0E5 		strb	r3, [r0, #33]
  16 0010 1EFF2FE1 		bx	lr
  18              		.section	.text.i2c0_init,"ax",%progbits
  19              		.align	2
  20              		.global	i2c0_init
  22              	i2c0_init:
  23              		@ Function supports interworking.
  24              		@ args = 0, pretend = 0, frame = 0
  25              		@ frame_needed = 1, uses_anonymous_args = 0
  26 0000 0DC0A0E1 		mov	ip, sp
  27 0004 00D82DE9 		stmfd	sp!, {fp, ip, lr, pc}
  28 0008 10009FE5 		ldr	r0, .L3
  29 000c 04B04CE2 		sub	fp, ip, #4
  30 0010 FEFFFFEB 		bl	i2c_init
  31 0014 FEFFFFEB 		bl	i2c0_hw_init
  32 0018 00689DE8 		ldmfd	sp, {fp, sp, lr}
  33 001c 1EFF2FE1 		bx	lr
  34              	.L4:
  35              		.align	2
  36              	.L3:
  37 0020 00000000 		.word	i2c0
  39              		.global	i2c0
  40              		.section	.bss.i2c0,"aw",%nobits
  41              		.align	2
  44              	i2c0:
  45 0000 00000000 		.space	60
  45      00000000 
  45      00000000 
  45      00000000 
  45      00000000 
  46              		.ident	"GCC: (GNU) 3.4.4"
DEFINED SYMBOLS
                            *ABS*:00000000 i2c.c
     /tmp/ccWz0El0.s:6      .text.i2c_init:00000000 i2c_init
     /tmp/ccWz0El0.s:11     .text.i2c_init:00000000 $a
     /tmp/ccWz0El0.s:22     .text.i2c0_init:00000000 i2c0_init
     /tmp/ccWz0El0.s:26     .text.i2c0_init:00000000 $a
     /tmp/ccWz0El0.s:37     .text.i2c0_init:00000020 $d
     /tmp/ccWz0El0.s:44     .bss.i2c0:00000000 i2c0

UNDEFINED SYMBOLS
i2c0_hw_init
