   1              		.file	"main_fbw.c"
   2              		.global	fbw_new_actuators
   3              		.section	.data.fbw_new_actuators,"aw",%progbits
   6              	fbw_new_actuators:
   7 0000 00       		.byte	0
   8              		.section	.text.init_fbw,"ax",%progbits
   9              		.align	2
  10              		.global	init_fbw
  12              	init_fbw:
  13              		@ Function supports interworking.
  14              		@ args = 0, pretend = 0, frame = 0
  15              		@ frame_needed = 1, uses_anonymous_args = 0
  16 0000 0DC0A0E1 		mov	ip, sp
  17 0004 30D82DE9 		stmfd	sp!, {r4, r5, fp, ip, lr, pc}
  18 0008 04B04CE2 		sub	fp, ip, #4
  19 000c FEFFFFEB 		bl	mcu_init
  20 0010 F0209FE5 		ldr	r2, .L17
  21 0014 0230A0E3 		mov	r3, #2
  22 0018 043082E5 		str	r3, [r2, #4]
  23 001c 0040A0E3 		mov	r4, #0
  24 0020 013043E2 		sub	r3, r3, #1
  25 0024 0C4082E5 		str	r4, [r2, #12]
  26 0028 144082E5 		str	r4, [r2, #20]
  27 002c 284082E5 		str	r4, [r2, #40]
  28 0030 3C4082E5 		str	r4, [r2, #60]
  29 0034 043082E5 		str	r3, [r2, #4]
  30 0038 CC209FE5 		ldr	r2, .L17+4
  31 003c 0C3092E5 		ldr	r3, [r2, #12]
  32 0040 1030C3E3 		bic	r3, r3, #16
  33 0044 0C3082E5 		str	r3, [r2, #12]
  34 0048 C0309FE5 		ldr	r3, .L17+8
  35 004c B040C3E1 		strh	r4, [r3, #0]	@ movhi 
  36 0050 1030A0E3 		mov	r3, #16
  37 0054 103082E5 		str	r3, [r2, #16]
  38 0058 B4309FE5 		ldr	r3, .L17+12
  39 005c 004083E5 		str	r4, [r3, #0]
  40 0060 2430A0E3 		mov	r3, #36
  41 0064 043282E5 		str	r3, [r2, #516]
  42 0068 A8309FE5 		ldr	r3, .L17+16
  43 006c 043182E5 		str	r3, [r2, #260]
  44 0070 FEFFFFEB 		bl	electrical_init
  45 0074 FEFFFFEB 		bl	actuators_init
  46              	.L6:
  47 0078 9C209FE5 		ldr	r2, .L17+20
  48 007c 8410A0E1 		mov	r1, r4, asl #1
  49 0080 98309FE5 		ldr	r3, .L17+24
  50 0084 014084E2 		add	r4, r4, #1
  51 0088 B22091E1 		ldrh	r2, [r1, r2]
  52 008c 020054E3 		cmp	r4, #2
  53 0090 B32081E1 		strh	r2, [r1, r3]	@ movhi 
  54 0094 1C0000DA 		ble	.L6
  55 0098 0010A0E3 		mov	r1, #0
  56              	.L10:
  57 009c 80009FE5 		ldr	r0, .L17+28
  58 00a0 013081E2 		add	r3, r1, #1
  59 00a4 812080E0 		add	r2, r0, r1, asl #1
  60 00a8 FF1003E2 		and	r1, r3, #255
  61 00ac 0050A0E3 		mov	r5, #0
  62 00b0 060051E3 		cmp	r1, #6
  63 00b4 B650C2E1 		strh	r5, [r2, #6]	@ movhi 
  64 00b8 2500009A 		bls	.L10
  65 00bc 3C30A0E3 		mov	r3, #60
  66 00c0 0240A0E3 		mov	r4, #2
  67 00c4 0130C0E5 		strb	r3, [r0, #1]
  68 00c8 0450C0E5 		strb	r5, [r0, #4]
  69 00cc 0040C0E5 		strb	r4, [r0, #0]
  70 00d0 0250C0E5 		strb	r5, [r0, #2]
  71 00d4 0350C0E5 		strb	r5, [r0, #3]
  72 00d8 FEFFFFEB 		bl	radio_control_impl_init
  73 00dc 44209FE5 		ldr	r2, .L17+32
  74 00e0 003092E5 		ldr	r3, [r2, #0]
  75 00e4 0F50C3E5 		strb	r5, [r3, #15]
  76 00e8 003092E5 		ldr	r3, [r2, #0]
  77 00ec 1050C3E5 		strb	r5, [r3, #16]
  78 00f0 34309FE5 		ldr	r3, .L17+36
  79 00f4 0050C3E5 		strb	r5, [r3, #0]
  80 00f8 30309FE5 		ldr	r3, .L17+40
  81 00fc 0040C3E5 		strb	r4, [r3, #0]
  82 0100 30689DE8 		ldmfd	sp, {r4, r5, fp, sp, lr}
  83 0104 1EFF2FE1 		bx	lr
  84              	.L18:
  85              		.align	2
  86              	.L17:
  87 0108 004000E0 		.word	-536854528
  88 010c 00F0FFFF 		.word	-4096
  89 0110 00000000 		.word	cpu_time_sec
  90 0114 00000000 		.word	cpu_time_ticks
  91 0118 00000000 		.word	TIMER0_ISR
  92 011c 00000000 		.word	commands_failsafe
  93 0120 00000000 		.word	commands
  94 0124 00000000 		.word	radio_control
  95 0128 00000000 		.word	fbw_state
  96 012c 00000000 		.word	ap_ok
  97 0130 00000000 		.word	fbw_mode
  99              		.global	__divsi3
 100              		.global	__floatsidf
 101              		.global	__muldf3
 102              		.global	__fixdfsi
 103              		.global	__floatsisf
 104              		.global	__extendsfdf2
 105              		.global	__gtsf2
 106              		.global	__truncdfsf2
 107              		.global	__fixsfsi
 108              		.global	__adddf3
 109              		.global	__fixunsdfsi
 110              		.section	.text.event_task_fbw,"ax",%progbits
 111              		.align	2
 112              		.global	event_task_fbw
 114              	event_task_fbw:
 115              		@ Function supports interworking.
 116              		@ args = 0, pretend = 0, frame = 0
 117              		@ frame_needed = 1, uses_anonymous_args = 0
 118 0000 0DC0A0E1 		mov	ip, sp
 119 0004 F0DF2DE9 		stmfd	sp!, {r4, r5, r6, r7, r8, r9, sl, fp, ip, lr, pc}
 120 0008 58679FE5 		ldr	r6, .L107+80
 121 000c 0030D6E5 		ldrb	r3, [r6, #0]	@ zero_extendqisi2
 122 0010 000053E3 		cmp	r3, #0
 123 0014 04B04CE2 		sub	fp, ip, #4
 124 0018 D300000A 		beq	.L20
 125 001c 48479FE5 		ldr	r4, .L107+84
 126 0020 0220D4E5 		ldrb	r2, [r4, #2]	@ zero_extendqisi2
 127 0024 0430D4E5 		ldrb	r3, [r4, #4]	@ zero_extendqisi2
 128 0028 FF1002E2 		and	r1, r2, #255
 129 002c 013083E2 		add	r3, r3, #1
 130 0030 000051E3 		cmp	r1, #0
 131 0034 0430C4E5 		strb	r3, [r4, #4]
 132 0038 0030A0E3 		mov	r3, #0
 133 003c 0130C4E5 		strb	r3, [r4, #1]
 134 0040 01304212 		subne	r3, r2, #1
 135 0044 0230C415 		strneb	r3, [r4, #2]
 136 0048 D100001A 		bne	.L22
 137 004c 1C579FE5 		ldr	r5, .L107+88
 138 0050 B030D5E1 		ldrh	r3, [r5, #0]
 139 0054 570C43E2 		sub	r0, r3, #22272
 140 0058 E40040E2 		sub	r0, r0, #228
 141 005c 000050E3 		cmp	r0, #0
 142 0060 0031A0E1 		mov	r3, r0, asl #2
 143 0064 000083B0 		addlt	r0, r3, r0
 144 0068 000083A0 		addge	r0, r3, r0
 145 006c 000260B0 		rsblt	r0, r0, r0, asl #4
 146 0070 000260A0 		rsbge	r0, r0, r0, asl #4
 147 0074 8003A0B1 		movlt	r0, r0, asl #7
 148 0078 0010C4E5 		strb	r1, [r4, #0]
 149 007c 8003A0A1 		movge	r0, r0, asl #7
 150 0080 EC169FA5 		ldrge	r1, .L107+92
 151 0084 000060B2 		rsblt	r0, r0, #0
 152 0088 E8169FB5 		ldrlt	r1, .L107+96
 153 008c FEFFFFEB 		bl	__divsi3
 154 0090 960D50E3 		cmp	r0, #9600
 155 0094 00C0A0E1 		mov	ip, r0
 156 0098 96CDA0C3 		movgt	ip, #9600
 157 009c 290000CA 		bgt	.L26
 158 00a0 D4369FE5 		ldr	r3, .L107+100
 159 00a4 03005CE1 		cmp	ip, r3
 160 00a8 03C0A0B1 		movlt	ip, r3
 161              	.L26:
 162 00ac B230D5E1 		ldrh	r3, [r5, #2]
 163 00b0 570C43E2 		sub	r0, r3, #22272
 164 00b4 E40040E2 		sub	r0, r0, #228
 165 00b8 000050E3 		cmp	r0, #0
 166 00bc 0031A0E1 		mov	r3, r0, asl #2
 167 00c0 000083B0 		addlt	r0, r3, r0
 168 00c4 000083A0 		addge	r0, r3, r0
 169 00c8 000260B0 		rsblt	r0, r0, r0, asl #4
 170 00cc 000260A0 		rsbge	r0, r0, r0, asl #4
 171 00d0 8003A0B1 		movlt	r0, r0, asl #7
 172 00d4 B6C0C4E1 		strh	ip, [r4, #6]	@ movhi 
 173 00d8 8003A0A1 		movge	r0, r0, asl #7
 174 00dc 94169FA5 		ldrge	r1, .L107+96
 175 00e0 000060B2 		rsblt	r0, r0, #0
 176 00e4 88169FB5 		ldrlt	r1, .L107+92
 177 00e8 FEFFFFEB 		bl	__divsi3
 178 00ec 960D50E3 		cmp	r0, #9600
 179 00f0 00C0A0E1 		mov	ip, r0
 180 00f4 96CDA0C3 		movgt	ip, #9600
 181 00f8 400000CA 		bgt	.L31
 182 00fc 78369FE5 		ldr	r3, .L107+100
 183 0100 03005CE1 		cmp	ip, r3
 184 0104 03C0A0B1 		movlt	ip, r3
 185              	.L31:
 186 0108 B430D5E1 		ldrh	r3, [r5, #4]
 187 010c 570C43E2 		sub	r0, r3, #22272
 188 0110 E40040E2 		sub	r0, r0, #228
 189 0114 000050E3 		cmp	r0, #0
 190 0118 0031A0E1 		mov	r3, r0, asl #2
 191 011c 000083B0 		addlt	r0, r3, r0
 192 0120 000083A0 		addge	r0, r3, r0
 193 0124 000260B0 		rsblt	r0, r0, r0, asl #4
 194 0128 000260A0 		rsbge	r0, r0, r0, asl #4
 195 012c 8003A0B1 		movlt	r0, r0, asl #7
 196 0130 B8C0C4E1 		strh	ip, [r4, #8]	@ movhi 
 197 0134 8003A0A1 		movge	r0, r0, asl #7
 198 0138 38169FA5 		ldrge	r1, .L107+96
 199 013c 000060B2 		rsblt	r0, r0, #0
 200 0140 2C169FB5 		ldrlt	r1, .L107+92
 201 0144 FEFFFFEB 		bl	__divsi3
 202 0148 960D50E3 		cmp	r0, #9600
 203 014c 00C0A0E1 		mov	ip, r0
 204 0150 96CDA0C3 		movgt	ip, #9600
 205 0154 570000CA 		bgt	.L36
 206 0158 1C369FE5 		ldr	r3, .L107+100
 207 015c 03005CE1 		cmp	ip, r3
 208 0160 03C0A0B1 		movlt	ip, r3
 209              	.L36:
 210 0164 B630D5E1 		ldrh	r3, [r5, #6]
 211 0168 470C43E2 		sub	r0, r3, #18176
 212 016c A90040E2 		sub	r0, r0, #169
 213 0170 000180E0 		add	r0, r0, r0, asl #2
 214 0174 000260E0 		rsb	r0, r0, r0, asl #4
 215 0178 BAC0C4E1 		strh	ip, [r4, #10]	@ movhi 
 216 017c 8003A0E1 		mov	r0, r0, asl #7
 217 0180 F8159FE5 		ldr	r1, .L107+104
 218 0184 FEFFFFEB 		bl	__divsi3
 219 0188 960D50E3 		cmp	r0, #9600
 220 018c 00C0A0E1 		mov	ip, r0
 221 0190 96CDA0C3 		movgt	ip, #9600
 222 0194 660000CA 		bgt	.L39
 223 0198 00005CE3 		cmp	ip, #0
 224 019c 00C0A0B3 		movlt	ip, #0
 225              	.L39:
 226 01a0 B830D5E1 		ldrh	r3, [r5, #8]
 227 01a4 570C43E2 		sub	r0, r3, #22272
 228 01a8 E40040E2 		sub	r0, r0, #228
 229 01ac 000050E3 		cmp	r0, #0
 230 01b0 0031A0E1 		mov	r3, r0, asl #2
 231 01b4 000083B0 		addlt	r0, r3, r0
 232 01b8 000083A0 		addge	r0, r3, r0
 233 01bc 000260B0 		rsblt	r0, r0, r0, asl #4
 234 01c0 000260A0 		rsbge	r0, r0, r0, asl #4
 235 01c4 8003A0B1 		movlt	r0, r0, asl #7
 236 01c8 BCC0C4E1 		strh	ip, [r4, #12]	@ movhi 
 237 01cc 8003A0A1 		movge	r0, r0, asl #7
 238 01d0 A0159FA5 		ldrge	r1, .L107+96
 239 01d4 000060B2 		rsblt	r0, r0, #0
 240 01d8 94159FB5 		ldrlt	r1, .L107+92
 241 01dc FEFFFFEB 		bl	__divsi3
 242 01e0 960D50E3 		cmp	r0, #9600
 243 01e4 00C0A0E1 		mov	ip, r0
 244 01e8 96CDA0C3 		movgt	ip, #9600
 245 01ec 7D0000CA 		bgt	.L44
 246 01f0 84359FE5 		ldr	r3, .L107+100
 247 01f4 03005CE1 		cmp	ip, r3
 248 01f8 03C0A0B1 		movlt	ip, r3
 249              	.L44:
 250 01fc FE30D4E1 		ldrsh	r3, [r4, #14]
 251 0200 BA20D5E1 		ldrh	r2, [r5, #10]
 252 0204 833163E0 		rsb	r3, r3, r3, asl #3
 253 0208 0C3083E0 		add	r3, r3, ip
 254 020c 570C42E2 		sub	r0, r2, #22272
 255 0210 C32FA0E1 		mov	r2, r3, asr #31
 256 0214 A23E83E0 		add	r3, r3, r2, lsr #29
 257 0218 A80040E2 		sub	r0, r0, #168
 258 021c C331A0E1 		mov	r3, r3, asr #3
 259 0220 000050E3 		cmp	r0, #0
 260 0224 BE30C4E1 		strh	r3, [r4, #14]	@ movhi 
 261 0228 0031A0E1 		mov	r3, r0, asl #2
 262 022c 000083B0 		addlt	r0, r3, r0
 263 0230 000083A0 		addge	r0, r3, r0
 264 0234 000260B0 		rsblt	r0, r0, r0, asl #4
 265 0238 000260A0 		rsbge	r0, r0, r0, asl #4
 266 023c 8003A0B1 		movlt	r0, r0, asl #7
 267 0240 8003A0A1 		movge	r0, r0, asl #7
 268 0244 38159FA5 		ldrge	r1, .L107+108
 269 0248 000060B2 		rsblt	r0, r0, #0
 270 024c 34159FB5 		ldrlt	r1, .L107+112
 271 0250 FEFFFFEB 		bl	__divsi3
 272 0254 960D50E3 		cmp	r0, #9600
 273 0258 00C0A0E1 		mov	ip, r0
 274 025c 96CDA0C3 		movgt	ip, #9600
 275 0260 9A0000CA 		bgt	.L49
 276 0264 10359FE5 		ldr	r3, .L107+100
 277 0268 03005CE1 		cmp	ip, r3
 278 026c 03C0A0B1 		movlt	ip, r3
 279              	.L49:
 280 0270 F031D4E1 		ldrsh	r3, [r4, #16]
 281 0274 BC20D5E1 		ldrh	r2, [r5, #12]
 282 0278 833163E0 		rsb	r3, r3, r3, asl #3
 283 027c 0C3083E0 		add	r3, r3, ip
 284 0280 570C42E2 		sub	r0, r2, #22272
 285 0284 C32FA0E1 		mov	r2, r3, asr #31
 286 0288 A23E83E0 		add	r3, r3, r2, lsr #29
 287 028c E40040E2 		sub	r0, r0, #228
 288 0290 C331A0E1 		mov	r3, r3, asr #3
 289 0294 000050E3 		cmp	r0, #0
 290 0298 B031C4E1 		strh	r3, [r4, #16]	@ movhi 
 291 029c 0031A0E1 		mov	r3, r0, asl #2
 292 02a0 000083B0 		addlt	r0, r3, r0
 293 02a4 000083A0 		addge	r0, r3, r0
 294 02a8 000260B0 		rsblt	r0, r0, r0, asl #4
 295 02ac 000260A0 		rsbge	r0, r0, r0, asl #4
 296 02b0 8003A0B1 		movlt	r0, r0, asl #7
 297 02b4 8003A0A1 		movge	r0, r0, asl #7
 298 02b8 CC149FA5 		ldrge	r1, .L107+116
 299 02bc 000060B2 		rsblt	r0, r0, #0
 300 02c0 AC149FB5 		ldrlt	r1, .L107+92
 301 02c4 FEFFFFEB 		bl	__divsi3
 302 02c8 960D50E3 		cmp	r0, #9600
 303 02cc 00C0A0E1 		mov	ip, r0
 304 02d0 96CDA0C3 		movgt	ip, #9600
 305 02d4 B70000CA 		bgt	.L54
 306 02d8 9C349FE5 		ldr	r3, .L107+100
 307 02dc 03005CE1 		cmp	ip, r3
 308 02e0 03C0A0B1 		movlt	ip, r3
 309              	.L54:
 310 02e4 F231D4E1 		ldrsh	r3, [r4, #18]
 311 02e8 833163E0 		rsb	r3, r3, r3, asl #3
 312 02ec 0C3083E0 		add	r3, r3, ip
 313 02f0 C32FA0E1 		mov	r2, r3, asr #31
 314 02f4 A23E83E0 		add	r3, r3, r2, lsr #29
 315 02f8 C331A0E1 		mov	r3, r3, asr #3
 316 02fc B231C4E1 		strh	r3, [r4, #18]	@ movhi 
 317 0300 F231D4E1 		ldrsh	r3, [r4, #18]
 318 0304 84249FE5 		ldr	r2, .L107+120
 319 0308 4B0D73E3 		cmn	r3, #4800
 320 030c 0030A0B3 		movlt	r3, #0
 321 0310 0130A0A3 		movge	r3, #1
 322 0314 0030C2E5 		strb	r3, [r2, #0]
 323 0318 0030D2E5 		ldrb	r3, [r2, #0]	@ zero_extendqisi2
 324 031c 000053E3 		cmp	r3, #0
 325 0320 D100001A 		bne	.L22
 326 0324 68249FE5 		ldr	r2, .L107+124
 327 0328 0110A0E3 		mov	r1, #1
 328 032c 64349FE5 		ldr	r3, .L107+128
 329 0330 0010C2E5 		strb	r1, [r2, #0]
 330 0334 B820D4E1 		ldrh	r2, [r4, #8]
 331 0338 B420C3E1 		strh	r2, [r3, #4]	@ movhi 
 332 033c BC20D4E1 		ldrh	r2, [r4, #12]
 333 0340 B640D4E1 		ldrh	r4, [r4, #6]
 334 0344 B020C3E1 		strh	r2, [r3, #0]	@ movhi 
 335 0348 B240C3E1 		strh	r4, [r3, #2]	@ movhi 
 336              	.L22:
 337 034c 0030A0E3 		mov	r3, #0
 338 0350 0030C6E5 		strb	r3, [r6, #0]
 339              	.L20:
 340 0354 40049FE5 		ldr	r0, .L107+132
 341 0358 0030D0E5 		ldrb	r3, [r0, #0]	@ zero_extendqisi2
 342 035c 000053E3 		cmp	r3, #0
 343 0360 2001000A 		beq	.L58
 344 0364 24449FE5 		ldr	r4, .L107+120
 345 0368 0030D4E5 		ldrb	r3, [r4, #0]	@ zero_extendqisi2
 346 036c 020053E3 		cmp	r3, #2
 347 0370 28349FE5 		ldr	r3, .L107+136
 348 0374 0020A0E3 		mov	r2, #0
 349 0378 0020C3E5 		strb	r2, [r3, #0]
 350 037c 20349FE5 		ldr	r3, .L107+140
 351 0380 0110A0E3 		mov	r1, #1
 352 0384 0010C405 		streqb	r1, [r4, #0]
 353 0388 0010C3E5 		strb	r1, [r3, #0]
 354 038c 14349FE5 		ldr	r3, .L107+144
 355 0390 0020C0E5 		strb	r2, [r0, #0]
 356 0394 0010C3E5 		strb	r1, [r3, #0]
 357 0398 0030D4E5 		ldrb	r3, [r4, #0]	@ zero_extendqisi2
 358 039c 010053E3 		cmp	r3, #1
 359 03a0 F100001A 		bne	.L61
 360 03a4 0200A0E1 		mov	r0, r2
 361              	.L65:
 362 03a8 FC339FE5 		ldr	r3, .L107+148
 363 03ac 001093E5 		ldr	r1, [r3, #0]
 364 03b0 8020A0E1 		mov	r2, r0, asl #1
 365 03b4 DC339FE5 		ldr	r3, .L107+128
 366 03b8 010080E2 		add	r0, r0, #1
 367 03bc B11092E1 		ldrh	r1, [r2, r1]
 368 03c0 020050E3 		cmp	r0, #2
 369 03c4 B31082E1 		strh	r1, [r2, r3]	@ movhi 
 370 03c8 E80000DA 		ble	.L65
 371              	.L61:
 372 03cc C0339FE5 		ldr	r3, .L107+124
 373 03d0 0120A0E3 		mov	r2, #1
 374 03d4 0020C3E5 		strb	r2, [r3, #0]
 375 03d8 0010A0E3 		mov	r1, #0
 376              	.L69:
 377 03dc 88C39FE5 		ldr	ip, .L107+84
 378 03e0 8120A0E1 		mov	r2, r1, asl #1
 379 03e4 013081E2 		add	r3, r1, #1
 380 03e8 C0E39FE5 		ldr	lr, .L107+152
 381 03ec FF1003E2 		and	r1, r3, #255
 382 03f0 0C3082E0 		add	r3, r2, ip
 383 03f4 00009EE5 		ldr	r0, [lr, #0]
 384 03f8 B630D3E1 		ldrh	r3, [r3, #6]
 385 03fc 060051E3 		cmp	r1, #6
 386 0400 B03082E1 		strh	r3, [r2, r0]	@ movhi 
 387 0404 F500009A 		bls	.L69
 388 0408 0330DCE5 		ldrb	r3, [ip, #3]	@ zero_extendqisi2
 389 040c 0E30C0E5 		strb	r3, [r0, #14]
 390 0410 0030DCE5 		ldrb	r3, [ip, #0]	@ zero_extendqisi2
 391 0414 012073E2 		rsbs	r2, r3, #1
 392 0418 0020A033 		movcc	r2, #0
 393 041c 020053E3 		cmp	r3, #2
 394 0420 FF200212 		andne	r2, r2, #255
 395 0424 0B01001A 		bne	.L71
 396 0428 000052E3 		cmp	r2, #0
 397 042c 0320A013 		movne	r2, #3
 398 0430 0220A003 		moveq	r2, #2
 399              	.L71:
 400 0434 0030DCE5 		ldrb	r3, [ip, #0]	@ zero_extendqisi2
 401 0438 000053E3 		cmp	r3, #0
 402 043c 0030D4E5 		ldrb	r3, [r4, #0]	@ zero_extendqisi2
 403 0440 10208203 		orreq	r2, r2, #16
 404 0444 FF200212 		andne	r2, r2, #255
 405 0448 010053E3 		cmp	r3, #1
 406 044c 0030D4E5 		ldrb	r3, [r4, #0]	@ zero_extendqisi2
 407 0450 04208203 		orreq	r2, r2, #4
 408 0454 FF200212 		andne	r2, r2, #255
 409 0458 020053E3 		cmp	r3, #2
 410 045c 00309EE5 		ldr	r3, [lr, #0]
 411 0460 08208203 		orreq	r2, r2, #8
 412 0464 FF200212 		andne	r2, r2, #255
 413 0468 0F20C3E5 		strb	r2, [r3, #15]
 414 046c 40139FE5 		ldr	r1, .L107+156
 415 0470 00209EE5 		ldr	r2, [lr, #0]
 416 0474 0030D1E5 		ldrb	r3, [r1, #0]	@ zero_extendqisi2
 417 0478 1130C2E5 		strb	r3, [r2, #17]
 418 047c 00209EE5 		ldr	r2, [lr, #0]
 419 0480 043091E5 		ldr	r3, [r1, #4]
 420 0484 143082E5 		str	r3, [r2, #20]
 421              	.L58:
 422 0488 04239FE5 		ldr	r2, .L107+124
 423 048c 0030D2E5 		ldrb	r3, [r2, #0]	@ zero_extendqisi2
 424 0490 000053E3 		cmp	r3, #0
 425 0494 C201000A 		beq	.L19
 426 0498 F8429FE5 		ldr	r4, .L107+128
 427 049c F200D4E1 		ldrsh	r0, [r4, #2]
 428 04a0 FEFFFFEB 		bl	__floatsidf
 429 04a4 9B2F8FE2 		adr	r2, .L107
 430 04a8 0C0092E8 		ldmia	r2, {r2-r3}
 431 04ac FEFFFFEB 		bl	__muldf3
 432 04b0 FEFFFFEB 		bl	__fixdfsi
 433 04b4 0038A0E1 		mov	r3, r0, asl #16
 434 04b8 F400D4E1 		ldrsh	r0, [r4, #4]
 435 04bc 2388A0E1 		mov	r8, r3, lsr #16
 436 04c0 FEFFFFEB 		bl	__floatsidf
 437 04c4 932F8FE2 		adr	r2, .L107
 438 04c8 0C0092E8 		ldmia	r2, {r2-r3}
 439 04cc FEFFFFEB 		bl	__muldf3
 440 04d0 FEFFFFEB 		bl	__fixdfsi
 441 04d4 0038A0E1 		mov	r3, r0, asl #16
 442 04d8 F000D4E1 		ldrsh	r0, [r4, #0]
 443 04dc 2378A0E1 		mov	r7, r3, lsr #16
 444 04e0 FEFFFFEB 		bl	__floatsisf
 445 04e4 0040A0E1 		mov	r4, r0
 446 04e8 FEFFFFEB 		bl	__extendsfdf2
 447 04ec 0160A0E1 		mov	r6, r1
 448 04f0 0050A0E1 		mov	r5, r0
 449 04f4 0400A0E1 		mov	r0, r4
 450 04f8 0010A0E3 		mov	r1, #0
 451 04fc FEFFFFEB 		bl	__gtsf2
 452 0500 000050E3 		cmp	r0, #0
 453 0504 852F8FC2 		adrgt	r2, .L107+8
 454 0508 0C0092C8 		ldmgtia	r2, {r2-r3}
 455 050c 0610A0C1 		movgt	r1, r6
 456 0510 0500A0C1 		movgt	r0, r5
 457              	.L80:
 458 0514 832F8FD2 		adrle	r2, .L107+16
 459 0518 0C0092D8 		ldmleia	r2, {r2-r3}
 460 051c 0610A0D1 		movle	r1, r6
 461 0520 0500A0D1 		movle	r0, r5
 462              	.L104:
 463 0524 FEFFFFEB 		bl	__muldf3
 464 0528 FEFFFFEB 		bl	__truncdfsf2
 465 052c FEFFFFEB 		bl	__fixsfsi
 466 0530 80329FE5 		ldr	r3, .L107+160
 467 0534 050C80E2 		add	r0, r0, #1280
 468 0538 0A0080E2 		add	r0, r0, #10
 469 053c 030050E1 		cmp	r0, r3
 470 0540 74A29FE5 		ldr	sl, .L107+164
 471 0544 74329F95 		ldrls	r3, .L107+168
 472 0548 5401009A 		bls	.L84
 473 054c 70329FE5 		ldr	r3, .L107+172
 474 0550 030050E1 		cmp	r0, r3
 475 0554 0030A031 		movcc	r3, r0
 476              	.L84:
 477 0558 B030CAE1 		strh	r3, [sl, #0]	@ movhi 
 478 055c B000DAE1 		ldrh	r0, [sl, #0]
 479 0560 FEFFFFEB 		bl	__floatsidf
 480 0564 712F8FE2 		adr	r2, .L107+24
 481 0568 0C0092E8 		ldmia	r2, {r2-r3}
 482 056c FEFFFFEB 		bl	__muldf3
 483 0570 072D8FE2 		adr	r2, .L107+32
 484 0574 0C0092E8 		ldmia	r2, {r2-r3}
 485 0578 FEFFFFEB 		bl	__muldf3
 486 057c 6F2F8FE2 		adr	r2, .L107+40
 487 0580 0C0092E8 		ldmia	r2, {r2-r3}
 488 0584 FEFFFFEB 		bl	__adddf3
 489 0588 FEFFFFEB 		bl	__fixunsdfsi
 490 058c 0888A0E1 		mov	r8, r8, asl #16
 491 0590 30929FE5 		ldr	r9, .L107+176
 492 0594 4838A0E1 		mov	r3, r8, asr #16
 493 0598 0778A0E1 		mov	r7, r7, asl #16
 494 059c B000C9E1 		strh	r0, [r9, #0]	@ movhi 
 495 05a0 470883E0 		add	r0, r3, r7, asr #16
 496 05a4 FEFFFFEB 		bl	__floatsisf
 497 05a8 0040A0E1 		mov	r4, r0
 498 05ac FEFFFFEB 		bl	__extendsfdf2
 499 05b0 0160A0E1 		mov	r6, r1
 500 05b4 0050A0E1 		mov	r5, r0
 501 05b8 0400A0E1 		mov	r0, r4
 502 05bc 0010A0E3 		mov	r1, #0
 503 05c0 FEFFFFEB 		bl	__gtsf2
 504 05c4 000050E3 		cmp	r0, #0
 505 05c8 5E2F8FC2 		adrgt	r2, .L107+48
 506 05cc 0C0092C8 		ldmgtia	r2, {r2-r3}
 507 05d0 0610A0C1 		movgt	r1, r6
 508 05d4 0500A0C1 		movgt	r0, r5
 509              	.L85:
 510 05d8 172E8FD2 		adrle	r2, .L107+56
 511 05dc 0C0092D8 		ldmleia	r2, {r2-r3}
 512 05e0 0610A0D1 		movle	r1, r6
 513 05e4 0500A0D1 		movle	r0, r5
 514              	.L105:
 515 05e8 FEFFFFEB 		bl	__muldf3
 516 05ec FEFFFFEB 		bl	__truncdfsf2
 517 05f0 FEFFFFEB 		bl	__fixsfsi
 518 05f4 5E0E80E2 		add	r0, r0, #1504
 519 05f8 060080E2 		add	r0, r0, #6
 520 05fc FA0F50E3 		cmp	r0, #1000
 521 0600 FA2FA033 		movcc	r2, #1000	@ movhi
 522 0604 8301003A 		bcc	.L89
 523 0608 7D0E50E3 		cmp	r0, #2000
 524 060c 0020A031 		movcc	r2, r0
 525 0610 7D2EA023 		movcs	r2, #2000
 526              	.L89:
 527 0614 A0319FE5 		ldr	r3, .L107+164
 528 0618 B220C3E1 		strh	r2, [r3, #2]	@ movhi 
 529 061c B200DAE1 		ldrh	r0, [sl, #2]
 530 0620 FEFFFFEB 		bl	__floatsidf
 531 0624 412F8FE2 		adr	r2, .L107+24
 532 0628 0C0092E8 		ldmia	r2, {r2-r3}
 533 062c FEFFFFEB 		bl	__muldf3
 534 0630 012C8FE2 		adr	r2, .L107+32
 535 0634 0C0092E8 		ldmia	r2, {r2-r3}
 536 0638 FEFFFFEB 		bl	__muldf3
 537 063c FC208FE2 		adr	r2, .L107+40
 538 0640 0C0092E8 		ldmia	r2, {r2-r3}
 539 0644 FEFFFFEB 		bl	__adddf3
 540 0648 FEFFFFEB 		bl	__fixunsdfsi
 541 064c 4838A0E1 		mov	r3, r8, asr #16
 542 0650 B200C9E1 		strh	r0, [r9, #2]	@ movhi 
 543 0654 470863E0 		rsb	r0, r3, r7, asr #16
 544 0658 FEFFFFEB 		bl	__floatsisf
 545 065c 0040A0E1 		mov	r4, r0
 546 0660 FEFFFFEB 		bl	__extendsfdf2
 547 0664 0160A0E1 		mov	r6, r1
 548 0668 0050A0E1 		mov	r5, r0
 549 066c 0400A0E1 		mov	r0, r4
 550 0670 0010A0E3 		mov	r1, #0
 551 0674 FEFFFFEB 		bl	__gtsf2
 552 0678 000050E3 		cmp	r0, #0
 553 067c D4208FC2 		adrgt	r2, .L107+64
 554 0680 0C0092C8 		ldmgtia	r2, {r2-r3}
 555 0684 0610A0C1 		movgt	r1, r6
 556 0688 0500A0C1 		movgt	r0, r5
 557              	.L90:
 558 068c CC208FD2 		adrle	r2, .L107+72
 559 0690 0C0092D8 		ldmleia	r2, {r2-r3}
 560 0694 0610A0D1 		movle	r1, r6
 561 0698 0500A0D1 		movle	r0, r5
 562              	.L106:
 563 069c FEFFFFEB 		bl	__muldf3
 564 06a0 FEFFFFEB 		bl	__truncdfsf2
 565 06a4 FEFFFFEB 		bl	__fixsfsi
 566 06a8 5F0E80E2 		add	r0, r0, #1520
 567 06ac 0F0080E2 		add	r0, r0, #15
 568 06b0 FA0F50E3 		cmp	r0, #1000
 569 06b4 FA2FA033 		movcc	r2, #1000	@ movhi
 570 06b8 B001003A 		bcc	.L94
 571 06bc 7D0E50E3 		cmp	r0, #2000
 572 06c0 0020A031 		movcc	r2, r0
 573 06c4 7D2EA023 		movcs	r2, #2000
 574              	.L94:
 575 06c8 EC309FE5 		ldr	r3, .L107+164
 576 06cc B620C3E1 		strh	r2, [r3, #6]	@ movhi 
 577 06d0 B600DAE1 		ldrh	r0, [sl, #6]
 578 06d4 FEFFFFEB 		bl	__floatsidf
 579 06d8 50208FE2 		adr	r2, .L107+24
 580 06dc 0C0092E8 		ldmia	r2, {r2-r3}
 581 06e0 FEFFFFEB 		bl	__muldf3
 582 06e4 4C208FE2 		adr	r2, .L107+32
 583 06e8 0C0092E8 		ldmia	r2, {r2-r3}
 584 06ec FEFFFFEB 		bl	__muldf3
 585 06f0 48208FE2 		adr	r2, .L107+40
 586 06f4 0C0092E8 		ldmia	r2, {r2-r3}
 587 06f8 FEFFFFEB 		bl	__adddf3
 588 06fc FEFFFFEB 		bl	__fixunsdfsi
 589 0700 8C209FE5 		ldr	r2, .L107+124
 590 0704 0030A0E3 		mov	r3, #0
 591 0708 B600C9E1 		strh	r0, [r9, #6]	@ movhi 
 592 070c 0030C2E5 		strb	r3, [r2, #0]
 593              	.L19:
 594 0710 F06F9DE8 		ldmfd	sp, {r4, r5, r6, r7, r8, r9, sl, fp, sp, lr}
 595 0714 1EFF2FE1 		bx	lr
 596              	.L108:
 597              		.align	2
 598              	.L107:
 599 0718 0000E83F 		.word	1072168960
 600 071c 00000000 		.word	0
 601 0720 BBBBAB3F 		.word	1068219323
 602 0724 80CEBBBB 		.word	-1145319808
 603 0728 00000000 		.word	0
 604 072c 00000000 		.word	0
 605 0730 F7C6B03E 		.word	1051772663
 606 0734 8DEDB5A0 		.word	-1598689907
 607 0738 389C6C41 		.word	1097636920
 608 073c 00000000 		.word	0
 609 0740 0000E03F 		.word	1071644672
 610 0744 00000000 		.word	0
 611 0748 3333ABBF 		.word	-1079299277
 612 074c 33333333 		.word	858993459
 613 0750 2222AABF 		.word	-1079369182
 614 0754 E6342222 		.word	572667110
 615 0758 CCCCA83F 		.word	1068027084
 616 075c CDCCCCCC 		.word	-858993459
 617 0760 8888AC3F 		.word	1068271752
 618 0764 4C9B8888 		.word	-2004313268
 619 0768 00000000 		.word	ppm_frame_available
 620 076c 00000000 		.word	radio_control
 621 0770 00000000 		.word	ppm_pulses
 622 0774 3A200000 		.word	8250
 623 0778 C7DFFFFF 		.word	-8249
 624 077c 80DAFFFF 		.word	-9600
 625 0780 75300000 		.word	12405
 626 0784 E5DFFFFF 		.word	-8219
 627 0788 76200000 		.word	8310
 628 078c A9DFFFFF 		.word	-8279
 629 0790 00000000 		.word	fbw_mode
 630 0794 00000000 		.word	fbw_new_actuators
 631 0798 00000000 		.word	commands
 632 079c 00000000 		.word	inter_mcu_received_ap
 633 07a0 00000000 		.word	time_since_last_ap
 634 07a4 00000000 		.word	ap_ok
 635 07a8 00000000 		.word	inter_mcu_received_fbw
 636 07ac 00000000 		.word	ap_state
 637 07b0 00000000 		.word	fbw_state
 638 07b4 00000000 		.word	electrical
 639 07b8 09050000 		.word	1289
 640 07bc 00000000 		.word	actuators
 641 07c0 0A050000 		.word	1290
 642 07c4 12070000 		.word	1810
 643 07c8 00000000 		.word	servos_values
 645              		.section	.bss._10Hz.0,"aw",%nobits
 648              	_10Hz.0:
 649 0000 00       		.space	1
 650              		.section	.bss._1Hz.1,"aw",%nobits
 653              	_1Hz.1:
 654 0000 00       		.space	1
 655              		.section	.data.i120.2,"aw",%progbits
 658              	i120.2:
 659 0000 00       		.byte	0
 660              		.section	.data.i300.3,"aw",%progbits
 661              		.align	1
 664              	i300.3:
 665 0000 0000     		.short	0
 666              		.section	.data.i30.4,"aw",%progbits
 669              	i30.4:
 670 0000 00       		.byte	0
 671              		.section	.data.i60.5,"aw",%progbits
 674              	i60.5:
 675 0000 00       		.byte	0
 676              		.section	.data.i300.6,"aw",%progbits
 677              		.align	1
 680              	i300.6:
 681 0000 0000     		.short	0
 682              		.section	.text.periodic_task_fbw,"ax",%progbits
 683              		.align	2
 684              		.global	periodic_task_fbw
 686              	periodic_task_fbw:
 687              		@ Function supports interworking.
 688              		@ args = 0, pretend = 0, frame = 0
 689              		@ frame_needed = 1, uses_anonymous_args = 0
 690 0000 0DC0A0E1 		mov	ip, sp
 691 0004 F0DF2DE9 		stmfd	sp!, {r4, r5, r6, r7, r8, r9, sl, fp, ip, lr, pc}
 692 0008 A89C9FE5 		ldr	r9, .L201
 693 000c 0030D9E5 		ldrb	r3, [r9, #0]	@ zero_extendqisi2
 694 0010 013083E2 		add	r3, r3, #1
 695 0014 0030C9E5 		strb	r3, [r9, #0]
 696 0018 0030D9E5 		ldrb	r3, [r9, #0]	@ zero_extendqisi2
 697 001c 980C9FE5 		ldr	r0, .L201+4
 698 0020 050053E3 		cmp	r3, #5
 699 0024 0030A083 		movhi	r3, #0
 700 0028 0030C985 		strhib	r3, [r9, #0]
 701 002c 0030D0E5 		ldrb	r3, [r0, #0]	@ zero_extendqisi2
 702 0030 013083E2 		add	r3, r3, #1
 703 0034 0030C0E5 		strb	r3, [r0, #0]
 704 0038 0030D0E5 		ldrb	r3, [r0, #0]	@ zero_extendqisi2
 705 003c 3B0053E3 		cmp	r3, #59
 706 0040 04B04CE2 		sub	fp, ip, #4
 707 0044 1600009A 		bls	.L111
 708 0048 703C9FE5 		ldr	r3, .L201+8
 709 004c 0410D3E5 		ldrb	r1, [r3, #4]	@ zero_extendqisi2
 710 0050 0020A0E3 		mov	r2, #0
 711 0054 0420C3E5 		strb	r2, [r3, #4]
 712 0058 0020C0E5 		strb	r2, [r0, #0]
 713 005c 0310C3E5 		strb	r1, [r3, #3]
 714              	.L111:
 715 0060 582C9FE5 		ldr	r2, .L201+8
 716 0064 0110D2E5 		ldrb	r1, [r2, #1]	@ zero_extendqisi2
 717 0068 FF3001E2 		and	r3, r1, #255
 718 006c 3B0053E3 		cmp	r3, #59
 719 0070 0230A083 		movhi	r3, #2
 720 0074 0030C285 		strhib	r3, [r2, #0]
 721 0078 2400008A 		bhi	.L115
 722 007c 1D0053E3 		cmp	r3, #29
 723 0080 0130A083 		movhi	r3, #1
 724 0084 0030C285 		strhib	r3, [r2, #0]
 725 0088 0E308382 		addhi	r3, r3, #14
 726 008c 0230C285 		strhib	r3, [r2, #2]
 727 0090 013081E2 		add	r3, r1, #1
 728 0094 0130C2E5 		strb	r3, [r2, #1]
 729              	.L115:
 730 0098 247C9FE5 		ldr	r7, .L201+12
 731 009c 0030D7E5 		ldrb	r3, [r7, #0]	@ zero_extendqisi2
 732 00a0 000053E3 		cmp	r3, #0
 733 00a4 2C00001A 		bne	.L116
 734 00a8 0030D2E5 		ldrb	r3, [r2, #0]	@ zero_extendqisi2
 735 00ac 020053E3 		cmp	r3, #2
 736 00b0 01304302 		subeq	r3, r3, #1
 737 00b4 0030C705 		streqb	r3, [r7, #0]
 738              	.L116:
 739 00b8 082C9FE5 		ldr	r2, .L201+16
 740 00bc 0030D2E5 		ldrb	r3, [r2, #0]	@ zero_extendqisi2
 741 00c0 1D0053E3 		cmp	r3, #29
 742 00c4 003C9F85 		ldrhi	r3, .L201+20
 743 00c8 01308392 		addls	r3, r3, #1
 744 00cc 0020A083 		movhi	r2, #0
 745 00d0 0020C385 		strhib	r2, [r3, #0]
 746 00d4 0030C295 		strlsb	r3, [r2, #0]
 747 00d8 0030D7E5 		ldrb	r3, [r7, #0]	@ zero_extendqisi2
 748 00dc 010053E3 		cmp	r3, #1
 749 00e0 4600001A 		bne	.L120
 750 00e4 E03B9FE5 		ldr	r3, .L201+20
 751 00e8 0010D3E5 		ldrb	r1, [r3, #0]	@ zero_extendqisi2
 752 00ec 000051E3 		cmp	r1, #0
 753 00f0 4600001A 		bne	.L120
 754 00f4 0230A0E3 		mov	r3, #2
 755 00f8 0030C7E5 		strb	r3, [r7, #0]
 756 00fc 0100A0E1 		mov	r0, r1
 757              	.L124:
 758 0100 C82B9FE5 		ldr	r2, .L201+24
 759 0104 8010A0E1 		mov	r1, r0, asl #1
 760 0108 C43B9FE5 		ldr	r3, .L201+28
 761 010c 010080E2 		add	r0, r0, #1
 762 0110 B22091E1 		ldrh	r2, [r1, r2]
 763 0114 020050E3 		cmp	r0, #2
 764 0118 B32081E1 		strh	r2, [r1, r3]	@ movhi 
 765 011c 3E0000DA 		ble	.L124
 766              	.L120:
 767 0120 B0AB9FE5 		ldr	sl, .L201+32
 768 0124 0020DAE5 		ldrb	r2, [sl, #0]	@ zero_extendqisi2
 769 0128 000052E3 		cmp	r2, #0
 770 012c 6301001A 		bne	.L126
 771 0130 A41B9FE5 		ldr	r1, .L201+36
 772 0134 0030D1E5 		ldrb	r3, [r1, #0]	@ zero_extendqisi2
 773 0138 013083E2 		add	r3, r3, #1
 774 013c 0030C1E5 		strb	r3, [r1, #0]
 775 0140 988B9FE5 		ldr	r8, .L201+40
 776 0144 0030D1E5 		ldrb	r3, [r1, #0]	@ zero_extendqisi2
 777 0148 770053E3 		cmp	r3, #119
 778 014c B030D8E1 		ldrh	r3, [r8, #0]
 779 0150 013083E2 		add	r3, r3, #1
 780 0154 B030C8E1 		strh	r3, [r8, #0]	@ movhi 
 781 0158 0020C185 		strhib	r2, [r1, #0]
 782 015c B030D8E1 		ldrh	r3, [r8, #0]
 783 0160 4B0F53E3 		cmp	r3, #300
 784 0164 0030D1E5 		ldrb	r3, [r1, #0]	@ zero_extendqisi2
 785 0168 B020C821 		strcsh	r2, [r8, #0]	@ movhi 
 786 016c 000053E3 		cmp	r3, #0
 787 0170 CE00001A 		bne	.L129
 788 0174 0E00A0E3 		mov	r0, #14
 789 0178 FEFFFFEB 		bl	uart1_check_free_space
 790 017c FF0010E3 		tst	r0, #255
 791 0180 5C2B9F05 		ldreq	r2, .L201+44
 792 0184 0030D205 		ldreqb	r3, [r2, #0]	@ zero_extendqisi2
 793 0188 01308302 		addeq	r3, r3, #1
 794 018c 0030C205 		streqb	r3, [r2, #0]
 795 0190 CE00000A 		beq	.L129
 796 0194 4C1B9FE5 		ldr	r1, .L201+48
 797 0198 4CCB9FE5 		ldr	ip, .L201+52
 798 019c B030D1E1 		ldrh	r3, [r1, #0]
 799 01a0 B020DCE1 		ldrh	r2, [ip, #0]
 800 01a4 0E3083E2 		add	r3, r3, #14
 801 01a8 012082E2 		add	r2, r2, #1
 802 01ac B030C1E1 		strh	r3, [r1, #0]	@ movhi 
 803 01b0 B020CCE1 		strh	r2, [ip, #0]	@ movhi 
 804 01b4 9900A0E3 		mov	r0, #153
 805 01b8 304B9FE5 		ldr	r4, .L201+56
 806 01bc FEFFFFEB 		bl	uart1_transmit
 807 01c0 0E00A0E3 		mov	r0, #14
 808 01c4 285B9FE5 		ldr	r5, .L201+60
 809 01c8 FEFFFFEB 		bl	uart1_transmit
 810 01cc 1230A0E3 		mov	r3, #18
 811 01d0 0030C4E5 		strb	r3, [r4, #0]
 812 01d4 0E3083E2 		add	r3, r3, #14
 813 01d8 0400A0E3 		mov	r0, #4
 814 01dc 0030C5E5 		strb	r3, [r5, #0]
 815 01e0 FEFFFFEB 		bl	uart1_transmit
 816 01e4 0030D4E5 		ldrb	r3, [r4, #0]	@ zero_extendqisi2
 817 01e8 673083E2 		add	r3, r3, #103
 818 01ec 0030C4E5 		strb	r3, [r4, #0]
 819 01f0 0030D5E5 		ldrb	r3, [r5, #0]	@ zero_extendqisi2
 820 01f4 0020D4E5 		ldrb	r2, [r4, #0]	@ zero_extendqisi2
 821 01f8 C06A9FE5 		ldr	r6, .L201+8
 822 01fc 023083E0 		add	r3, r3, r2
 823 0200 6700A0E3 		mov	r0, #103
 824 0204 0030C5E5 		strb	r3, [r5, #0]
 825 0208 FEFFFFEB 		bl	uart1_transmit
 826 020c 0000D6E5 		ldrb	r0, [r6, #0]	@ zero_extendqisi2
 827 0210 0030D4E5 		ldrb	r3, [r4, #0]	@ zero_extendqisi2
 828 0214 033080E0 		add	r3, r0, r3
 829 0218 0030C4E5 		strb	r3, [r4, #0]
 830 021c 0030D5E5 		ldrb	r3, [r5, #0]	@ zero_extendqisi2
 831 0220 0020D4E5 		ldrb	r2, [r4, #0]	@ zero_extendqisi2
 832 0224 023083E0 		add	r3, r3, r2
 833 0228 0030C5E5 		strb	r3, [r5, #0]
 834 022c FEFFFFEB 		bl	uart1_transmit
 835 0230 0300D6E5 		ldrb	r0, [r6, #3]	@ zero_extendqisi2
 836 0234 0030D4E5 		ldrb	r3, [r4, #0]	@ zero_extendqisi2
 837 0238 033080E0 		add	r3, r0, r3
 838 023c 0030C4E5 		strb	r3, [r4, #0]
 839 0240 0030D5E5 		ldrb	r3, [r5, #0]	@ zero_extendqisi2
 840 0244 0020D4E5 		ldrb	r2, [r4, #0]	@ zero_extendqisi2
 841 0248 023083E0 		add	r3, r3, r2
 842 024c 0030C5E5 		strb	r3, [r5, #0]
 843 0250 FEFFFFEB 		bl	uart1_transmit
 844 0254 0000D7E5 		ldrb	r0, [r7, #0]	@ zero_extendqisi2
 845 0258 0030D4E5 		ldrb	r3, [r4, #0]	@ zero_extendqisi2
 846 025c 033080E0 		add	r3, r0, r3
 847 0260 0030C4E5 		strb	r3, [r4, #0]
 848 0264 0030D5E5 		ldrb	r3, [r5, #0]	@ zero_extendqisi2
 849 0268 0020D4E5 		ldrb	r2, [r4, #0]	@ zero_extendqisi2
 850 026c 846A9FE5 		ldr	r6, .L201+64
 851 0270 023083E0 		add	r3, r3, r2
 852 0274 0030C5E5 		strb	r3, [r5, #0]
 853 0278 FEFFFFEB 		bl	uart1_transmit
 854 027c 0000D6E5 		ldrb	r0, [r6, #0]	@ zero_extendqisi2
 855 0280 0030D4E5 		ldrb	r3, [r4, #0]	@ zero_extendqisi2
 856 0284 033080E0 		add	r3, r0, r3
 857 0288 0030C4E5 		strb	r3, [r4, #0]
 858 028c 0030D5E5 		ldrb	r3, [r5, #0]	@ zero_extendqisi2
 859 0290 0020D4E5 		ldrb	r2, [r4, #0]	@ zero_extendqisi2
 860 0294 023083E0 		add	r3, r3, r2
 861 0298 0030C5E5 		strb	r3, [r5, #0]
 862 029c FEFFFFEB 		bl	uart1_transmit
 863 02a0 0400D6E5 		ldrb	r0, [r6, #4]	@ zero_extendqisi2
 864 02a4 0030D4E5 		ldrb	r3, [r4, #0]	@ zero_extendqisi2
 865 02a8 033080E0 		add	r3, r0, r3
 866 02ac 0030C4E5 		strb	r3, [r4, #0]
 867 02b0 0030D5E5 		ldrb	r3, [r5, #0]	@ zero_extendqisi2
 868 02b4 0020D4E5 		ldrb	r2, [r4, #0]	@ zero_extendqisi2
 869 02b8 023083E0 		add	r3, r3, r2
 870 02bc 0030C5E5 		strb	r3, [r5, #0]
 871 02c0 FEFFFFEB 		bl	uart1_transmit
 872 02c4 0500D6E5 		ldrb	r0, [r6, #5]	@ zero_extendqisi2
 873 02c8 0030D4E5 		ldrb	r3, [r4, #0]	@ zero_extendqisi2
 874 02cc 033080E0 		add	r3, r0, r3
 875 02d0 0030C4E5 		strb	r3, [r4, #0]
 876 02d4 0030D5E5 		ldrb	r3, [r5, #0]	@ zero_extendqisi2
 877 02d8 0020D4E5 		ldrb	r2, [r4, #0]	@ zero_extendqisi2
 878 02dc 023083E0 		add	r3, r3, r2
 879 02e0 0030C5E5 		strb	r3, [r5, #0]
 880 02e4 FEFFFFEB 		bl	uart1_transmit
 881 02e8 0600D6E5 		ldrb	r0, [r6, #6]	@ zero_extendqisi2
 882 02ec 0030D4E5 		ldrb	r3, [r4, #0]	@ zero_extendqisi2
 883 02f0 033080E0 		add	r3, r0, r3
 884 02f4 0030C4E5 		strb	r3, [r4, #0]
 885 02f8 0030D5E5 		ldrb	r3, [r5, #0]	@ zero_extendqisi2
 886 02fc 0020D4E5 		ldrb	r2, [r4, #0]	@ zero_extendqisi2
 887 0300 023083E0 		add	r3, r3, r2
 888 0304 0030C5E5 		strb	r3, [r5, #0]
 889 0308 FEFFFFEB 		bl	uart1_transmit
 890 030c 0700D6E5 		ldrb	r0, [r6, #7]	@ zero_extendqisi2
 891 0310 0030D4E5 		ldrb	r3, [r4, #0]	@ zero_extendqisi2
 892 0314 033080E0 		add	r3, r0, r3
 893 0318 0030C4E5 		strb	r3, [r4, #0]
 894 031c 0030D5E5 		ldrb	r3, [r5, #0]	@ zero_extendqisi2
 895 0320 0020D4E5 		ldrb	r2, [r4, #0]	@ zero_extendqisi2
 896 0324 023083E0 		add	r3, r3, r2
 897 0328 0030C5E5 		strb	r3, [r5, #0]
 898 032c FEFFFFEB 		bl	uart1_transmit
 899 0330 0000D4E5 		ldrb	r0, [r4, #0]	@ zero_extendqisi2
 900 0334 FEFFFFEB 		bl	uart1_transmit
 901 0338 0000D5E5 		ldrb	r0, [r5, #0]	@ zero_extendqisi2
 902 033c FEFFFFEB 		bl	uart1_transmit
 903              	.L129:
 904 0340 B030D8E1 		ldrh	r3, [r8, #0]
 905 0344 060053E3 		cmp	r3, #6
 906 0348 1501001A 		bne	.L132
 907 034c 0D00A0E3 		mov	r0, #13
 908 0350 FEFFFFEB 		bl	uart1_check_free_space
 909 0354 FF0010E3 		tst	r0, #255
 910 0358 5F01000A 		beq	.L141
 911 035c 84199FE5 		ldr	r1, .L201+48
 912 0360 84C99FE5 		ldr	ip, .L201+52
 913 0364 B030D1E1 		ldrh	r3, [r1, #0]
 914 0368 B020DCE1 		ldrh	r2, [ip, #0]
 915 036c 0D3083E2 		add	r3, r3, #13
 916 0370 012082E2 		add	r2, r2, #1
 917 0374 B030C1E1 		strh	r3, [r1, #0]	@ movhi 
 918 0378 B020CCE1 		strh	r2, [ip, #0]	@ movhi 
 919 037c 9900A0E3 		mov	r0, #153
 920 0380 68599FE5 		ldr	r5, .L201+56
 921 0384 FEFFFFEB 		bl	uart1_transmit
 922 0388 0D00A0E3 		mov	r0, #13
 923 038c FEFFFFEB 		bl	uart1_transmit
 924 0390 5C699FE5 		ldr	r6, .L201+60
 925 0394 1130A0E3 		mov	r3, #17
 926 0398 0030C5E5 		strb	r3, [r5, #0]
 927 039c 0D3083E2 		add	r3, r3, #13
 928 03a0 0400A0E3 		mov	r0, #4
 929 03a4 0030C6E5 		strb	r3, [r6, #0]
 930 03a8 FEFFFFEB 		bl	uart1_transmit
 931 03ac 0030D5E5 		ldrb	r3, [r5, #0]	@ zero_extendqisi2
 932 03b0 663083E2 		add	r3, r3, #102
 933 03b4 0030C5E5 		strb	r3, [r5, #0]
 934 03b8 0030D6E5 		ldrb	r3, [r6, #0]	@ zero_extendqisi2
 935 03bc 0020D5E5 		ldrb	r2, [r5, #0]	@ zero_extendqisi2
 936 03c0 023083E0 		add	r3, r3, r2
 937 03c4 6600A0E3 		mov	r0, #102
 938 03c8 0030C6E5 		strb	r3, [r6, #0]
 939 03cc FEFFFFEB 		bl	uart1_transmit
 940 03d0 0030D5E5 		ldrb	r3, [r5, #0]	@ zero_extendqisi2
 941 03d4 033083E2 		add	r3, r3, #3
 942 03d8 0030C5E5 		strb	r3, [r5, #0]
 943 03dc 0030D6E5 		ldrb	r3, [r6, #0]	@ zero_extendqisi2
 944 03e0 0020D5E5 		ldrb	r2, [r5, #0]	@ zero_extendqisi2
 945 03e4 023083E0 		add	r3, r3, r2
 946 03e8 0300A0E3 		mov	r0, #3
 947 03ec 0030C6E5 		strb	r3, [r6, #0]
 948 03f0 FEFFFFEB 		bl	uart1_transmit
 949 03f4 0070A0E3 		mov	r7, #0
 950              	.L137:
 951 03f8 D4489FE5 		ldr	r4, .L201+28
 952 03fc 0030D5E5 		ldrb	r3, [r5, #0]	@ zero_extendqisi2
 953 0400 8700D4E7 		ldrb	r0, [r4, r7, asl #1]	@ zero_extendqisi2
 954 0404 033080E0 		add	r3, r0, r3
 955 0408 0030C5E5 		strb	r3, [r5, #0]
 956 040c 0030D6E5 		ldrb	r3, [r6, #0]	@ zero_extendqisi2
 957 0410 0020D5E5 		ldrb	r2, [r5, #0]	@ zero_extendqisi2
 958 0414 023083E0 		add	r3, r3, r2
 959 0418 0030C6E5 		strb	r3, [r6, #0]
 960 041c 014084E2 		add	r4, r4, #1
 961 0420 FEFFFFEB 		bl	uart1_transmit
 962 0424 8700D4E7 		ldrb	r0, [r4, r7, asl #1]	@ zero_extendqisi2
 963 0428 0030D5E5 		ldrb	r3, [r5, #0]	@ zero_extendqisi2
 964 042c 033080E0 		add	r3, r0, r3
 965 0430 0030C5E5 		strb	r3, [r5, #0]
 966 0434 0030D6E5 		ldrb	r3, [r6, #0]	@ zero_extendqisi2
 967 0438 0020D5E5 		ldrb	r2, [r5, #0]	@ zero_extendqisi2
 968 043c 023083E0 		add	r3, r3, r2
 969 0440 0030C6E5 		strb	r3, [r6, #0]
 970 0444 FEFFFFEB 		bl	uart1_transmit
 971 0448 013087E2 		add	r3, r7, #1
 972 044c FF7003E2 		and	r7, r3, #255
 973 0450 020057E3 		cmp	r7, #2
 974 0454 FC00009A 		bls	.L137
 975 0458 5A0100EA 		b	.L199
 976              	.L132:
 977 045c 0C0053E3 		cmp	r3, #12
 978 0460 6301001A 		bne	.L126
 979 0464 0F00A0E3 		mov	r0, #15
 980 0468 FEFFFFEB 		bl	uart1_check_free_space
 981 046c FF0010E3 		tst	r0, #255
 982 0470 5F01000A 		beq	.L141
 983 0474 6C189FE5 		ldr	r1, .L201+48
 984 0478 6CC89FE5 		ldr	ip, .L201+52
 985 047c B030D1E1 		ldrh	r3, [r1, #0]
 986 0480 B020DCE1 		ldrh	r2, [ip, #0]
 987 0484 0F3083E2 		add	r3, r3, #15
 988 0488 012082E2 		add	r2, r2, #1
 989 048c B030C1E1 		strh	r3, [r1, #0]	@ movhi 
 990 0490 B020CCE1 		strh	r2, [ip, #0]	@ movhi 
 991 0494 9900A0E3 		mov	r0, #153
 992 0498 50589FE5 		ldr	r5, .L201+56
 993 049c FEFFFFEB 		bl	uart1_transmit
 994 04a0 0F00A0E3 		mov	r0, #15
 995 04a4 FEFFFFEB 		bl	uart1_transmit
 996 04a8 44689FE5 		ldr	r6, .L201+60
 997 04ac 1330A0E3 		mov	r3, #19
 998 04b0 0030C5E5 		strb	r3, [r5, #0]
 999 04b4 0F3083E2 		add	r3, r3, #15
 1000 04b8 0400A0E3 		mov	r0, #4
 1001 04bc 0030C6E5 		strb	r3, [r6, #0]
 1002 04c0 FEFFFFEB 		bl	uart1_transmit
 1003 04c4 0030D5E5 		ldrb	r3, [r5, #0]	@ zero_extendqisi2
 1004 04c8 693083E2 		add	r3, r3, #105
 1005 04cc 0030C5E5 		strb	r3, [r5, #0]
 1006 04d0 0030D6E5 		ldrb	r3, [r6, #0]	@ zero_extendqisi2
 1007 04d4 0020D5E5 		ldrb	r2, [r5, #0]	@ zero_extendqisi2
 1008 04d8 023083E0 		add	r3, r3, r2
 1009 04dc 6900A0E3 		mov	r0, #105
 1010 04e0 0030C6E5 		strb	r3, [r6, #0]
 1011 04e4 FEFFFFEB 		bl	uart1_transmit
 1012 04e8 0030D5E5 		ldrb	r3, [r5, #0]	@ zero_extendqisi2
 1013 04ec 043083E2 		add	r3, r3, #4
 1014 04f0 0030C5E5 		strb	r3, [r5, #0]
 1015 04f4 0030D6E5 		ldrb	r3, [r6, #0]	@ zero_extendqisi2
 1016 04f8 0020D5E5 		ldrb	r2, [r5, #0]	@ zero_extendqisi2
 1017 04fc 023083E0 		add	r3, r3, r2
 1018 0500 0400A0E3 		mov	r0, #4
 1019 0504 0030C6E5 		strb	r3, [r6, #0]
 1020 0508 FEFFFFEB 		bl	uart1_transmit
 1021 050c 0070A0E3 		mov	r7, #0
 1022              	.L145:
 1023 0510 E4479FE5 		ldr	r4, .L201+68
 1024 0514 0030D5E5 		ldrb	r3, [r5, #0]	@ zero_extendqisi2
 1025 0518 8700D4E7 		ldrb	r0, [r4, r7, asl #1]	@ zero_extendqisi2
 1026 051c 033080E0 		add	r3, r0, r3
 1027 0520 0030C5E5 		strb	r3, [r5, #0]
 1028 0524 0030D6E5 		ldrb	r3, [r6, #0]	@ zero_extendqisi2
 1029 0528 0020D5E5 		ldrb	r2, [r5, #0]	@ zero_extendqisi2
 1030 052c 023083E0 		add	r3, r3, r2
 1031 0530 0030C6E5 		strb	r3, [r6, #0]
 1032 0534 014084E2 		add	r4, r4, #1
 1033 0538 FEFFFFEB 		bl	uart1_transmit
 1034 053c 8700D4E7 		ldrb	r0, [r4, r7, asl #1]	@ zero_extendqisi2
 1035 0540 0030D5E5 		ldrb	r3, [r5, #0]	@ zero_extendqisi2
 1036 0544 033080E0 		add	r3, r0, r3
 1037 0548 0030C5E5 		strb	r3, [r5, #0]
 1038 054c 0030D6E5 		ldrb	r3, [r6, #0]	@ zero_extendqisi2
 1039 0550 0020D5E5 		ldrb	r2, [r5, #0]	@ zero_extendqisi2
 1040 0554 023083E0 		add	r3, r3, r2
 1041 0558 0030C6E5 		strb	r3, [r6, #0]
 1042 055c FEFFFFEB 		bl	uart1_transmit
 1043 0560 013087E2 		add	r3, r7, #1
 1044 0564 FF7003E2 		and	r7, r3, #255
 1045 0568 030057E3 		cmp	r7, #3
 1046 056c 4201009A 		bls	.L145
 1047              	.L199:
 1048 0570 0000D5E5 		ldrb	r0, [r5, #0]	@ zero_extendqisi2
 1049 0574 FEFFFFEB 		bl	uart1_transmit
 1050 0578 0000D6E5 		ldrb	r0, [r6, #0]	@ zero_extendqisi2
 1051 057c FEFFFFEB 		bl	uart1_transmit
 1052 0580 630100EA 		b	.L126
 1053              	.L141:
 1054 0584 58279FE5 		ldr	r2, .L201+44
 1055 0588 0030D2E5 		ldrb	r3, [r2, #0]	@ zero_extendqisi2
 1056 058c 013083E2 		add	r3, r3, #1
 1057 0590 0030C2E5 		strb	r3, [r2, #0]
 1058              	.L126:
 1059 0594 0030DAE5 		ldrb	r3, [sl, #0]	@ zero_extendqisi2
 1060 0598 010053E3 		cmp	r3, #1
 1061 059c 2703001A 		bne	.L184
 1062 05a0 58279FE5 		ldr	r2, .L201+72
 1063 05a4 0030D2E5 		ldrb	r3, [r2, #0]	@ zero_extendqisi2
 1064 05a8 013083E2 		add	r3, r3, #1
 1065 05ac 0030C2E5 		strb	r3, [r2, #0]
 1066 05b0 0030D2E5 		ldrb	r3, [r2, #0]	@ zero_extendqisi2
 1067 05b4 48879FE5 		ldr	r8, .L201+76
 1068 05b8 1D0053E3 		cmp	r3, #29
 1069 05bc 0030A083 		movhi	r3, #0
 1070 05c0 0030C285 		strhib	r3, [r2, #0]
 1071 05c4 0030D8E5 		ldrb	r3, [r8, #0]	@ zero_extendqisi2
 1072 05c8 013083E2 		add	r3, r3, #1
 1073 05cc 0030C8E5 		strb	r3, [r8, #0]
 1074 05d0 0030D8E5 		ldrb	r3, [r8, #0]	@ zero_extendqisi2
 1075 05d4 2CA79FE5 		ldr	sl, .L201+80
 1076 05d8 3B0053E3 		cmp	r3, #59
 1077 05dc 0030A083 		movhi	r3, #0
 1078 05e0 0030C885 		strhib	r3, [r8, #0]
 1079 05e4 B030DAE1 		ldrh	r3, [sl, #0]
 1080 05e8 013083E2 		add	r3, r3, #1
 1081 05ec B030CAE1 		strh	r3, [sl, #0]	@ movhi 
 1082 05f0 B030DAE1 		ldrh	r3, [sl, #0]
 1083 05f4 0040D2E5 		ldrb	r4, [r2, #0]	@ zero_extendqisi2
 1084 05f8 4B0F53E3 		cmp	r3, #300
 1085 05fc 0030A023 		movcs	r3, #0	@ movhi
 1086 0600 B030CA21 		strcsh	r3, [sl, #0]	@ movhi 
 1087 0604 000054E3 		cmp	r4, #0
 1088 0608 CF01001A 		bne	.L151
 1089 060c 1600A0E3 		mov	r0, #22
 1090 0610 FEFFFFEB 		bl	uart1_check_free_space
 1091 0614 FF0010E3 		tst	r0, #255
 1092 0618 5F02000A 		beq	.L168
 1093 061c C4169FE5 		ldr	r1, .L201+48
 1094 0620 C4C69FE5 		ldr	ip, .L201+52
 1095 0624 B030D1E1 		ldrh	r3, [r1, #0]
 1096 0628 B020DCE1 		ldrh	r2, [ip, #0]
 1097 062c 163083E2 		add	r3, r3, #22
 1098 0630 012082E2 		add	r2, r2, #1
 1099 0634 B030C1E1 		strh	r3, [r1, #0]	@ movhi 
 1100 0638 B020CCE1 		strh	r2, [ip, #0]	@ movhi 
 1101 063c 9900A0E3 		mov	r0, #153
 1102 0640 A8569FE5 		ldr	r5, .L201+56
 1103 0644 FEFFFFEB 		bl	uart1_transmit
 1104 0648 1600A0E3 		mov	r0, #22
 1105 064c A0669FE5 		ldr	r6, .L201+60
 1106 0650 FEFFFFEB 		bl	uart1_transmit
 1107 0654 1A30A0E3 		mov	r3, #26
 1108 0658 0030C5E5 		strb	r3, [r5, #0]
 1109 065c 163083E2 		add	r3, r3, #22
 1110 0660 0400A0E3 		mov	r0, #4
 1111 0664 0030C6E5 		strb	r3, [r6, #0]
 1112 0668 FEFFFFEB 		bl	uart1_transmit
 1113 066c 0030D5E5 		ldrb	r3, [r5, #0]	@ zero_extendqisi2
 1114 0670 643083E2 		add	r3, r3, #100
 1115 0674 0030C5E5 		strb	r3, [r5, #0]
 1116 0678 0030D6E5 		ldrb	r3, [r6, #0]	@ zero_extendqisi2
 1117 067c 0020D5E5 		ldrb	r2, [r5, #0]	@ zero_extendqisi2
 1118 0680 023083E0 		add	r3, r3, r2
 1119 0684 6400A0E3 		mov	r0, #100
 1120 0688 0030C6E5 		strb	r3, [r6, #0]
 1121 068c FEFFFFEB 		bl	uart1_transmit
 1122 0690 74369FE5 		ldr	r3, .L201+84
 1123 0694 0000D3E5 		ldrb	r0, [r3, #0]	@ zero_extendqisi2
 1124 0698 0030D5E5 		ldrb	r3, [r5, #0]	@ zero_extendqisi2
 1125 069c 033080E0 		add	r3, r0, r3
 1126 06a0 0030C5E5 		strb	r3, [r5, #0]
 1127 06a4 0030D6E5 		ldrb	r3, [r6, #0]	@ zero_extendqisi2
 1128 06a8 0020D5E5 		ldrb	r2, [r5, #0]	@ zero_extendqisi2
 1129 06ac 023083E0 		add	r3, r3, r2
 1130 06b0 0030C6E5 		strb	r3, [r6, #0]
 1131 06b4 FEFFFFEB 		bl	uart1_transmit
 1132 06b8 0030D5E5 		ldrb	r3, [r5, #0]	@ zero_extendqisi2
 1133 06bc 073083E2 		add	r3, r3, #7
 1134 06c0 0030C5E5 		strb	r3, [r5, #0]
 1135 06c4 0030D6E5 		ldrb	r3, [r6, #0]	@ zero_extendqisi2
 1136 06c8 0020D5E5 		ldrb	r2, [r5, #0]	@ zero_extendqisi2
 1137 06cc 023083E0 		add	r3, r3, r2
 1138 06d0 0700A0E3 		mov	r0, #7
 1139 06d4 0030C6E5 		strb	r3, [r6, #0]
 1140 06d8 FEFFFFEB 		bl	uart1_transmit
 1141 06dc 0470A0E1 		mov	r7, r4
 1142              	.L156:
 1143 06e0 28469FE5 		ldr	r4, .L201+88
 1144 06e4 0030D5E5 		ldrb	r3, [r5, #0]	@ zero_extendqisi2
 1145 06e8 8700D4E7 		ldrb	r0, [r4, r7, asl #1]	@ zero_extendqisi2
 1146 06ec 033080E0 		add	r3, r0, r3
 1147 06f0 0030C5E5 		strb	r3, [r5, #0]
 1148 06f4 0030D6E5 		ldrb	r3, [r6, #0]	@ zero_extendqisi2
 1149 06f8 0020D5E5 		ldrb	r2, [r5, #0]	@ zero_extendqisi2
 1150 06fc 023083E0 		add	r3, r3, r2
 1151 0700 0030C6E5 		strb	r3, [r6, #0]
 1152 0704 014084E2 		add	r4, r4, #1
 1153 0708 FEFFFFEB 		bl	uart1_transmit
 1154 070c 8700D4E7 		ldrb	r0, [r4, r7, asl #1]	@ zero_extendqisi2
 1155 0710 0030D5E5 		ldrb	r3, [r5, #0]	@ zero_extendqisi2
 1156 0714 033080E0 		add	r3, r0, r3
 1157 0718 0030C5E5 		strb	r3, [r5, #0]
 1158 071c 0030D6E5 		ldrb	r3, [r6, #0]	@ zero_extendqisi2
 1159 0720 0020D5E5 		ldrb	r2, [r5, #0]	@ zero_extendqisi2
 1160 0724 023083E0 		add	r3, r3, r2
 1161 0728 0030C6E5 		strb	r3, [r6, #0]
 1162 072c FEFFFFEB 		bl	uart1_transmit
 1163 0730 013087E2 		add	r3, r7, #1
 1164 0734 FF7003E2 		and	r7, r3, #255
 1165 0738 060057E3 		cmp	r7, #6
 1166 073c B601009A 		bls	.L156
 1167 0740 5A0200EA 		b	.L200
 1168              	.L151:
 1169 0744 060054E3 		cmp	r4, #6
 1170 0748 1502001A 		bne	.L159
 1171 074c 1500A0E3 		mov	r0, #21
 1172 0750 FEFFFFEB 		bl	uart1_check_free_space
 1173 0754 FF0010E3 		tst	r0, #255
 1174 0758 5F02000A 		beq	.L168
 1175 075c 84159FE5 		ldr	r1, .L201+48
 1176 0760 84C59FE5 		ldr	ip, .L201+52
 1177 0764 B030D1E1 		ldrh	r3, [r1, #0]
 1178 0768 B020DCE1 		ldrh	r2, [ip, #0]
 1179 076c 153083E2 		add	r3, r3, #21
 1180 0770 012082E2 		add	r2, r2, #1
 1181 0774 B030C1E1 		strh	r3, [r1, #0]	@ movhi 
 1182 0778 B020CCE1 		strh	r2, [ip, #0]	@ movhi 
 1183 077c 9900A0E3 		mov	r0, #153
 1184 0780 68559FE5 		ldr	r5, .L201+56
 1185 0784 FEFFFFEB 		bl	uart1_transmit
 1186 0788 1500A0E3 		mov	r0, #21
 1187 078c FEFFFFEB 		bl	uart1_transmit
 1188 0790 5C659FE5 		ldr	r6, .L201+60
 1189 0794 1930A0E3 		mov	r3, #25
 1190 0798 0030C5E5 		strb	r3, [r5, #0]
 1191 079c 153083E2 		add	r3, r3, #21
 1192 07a0 0400A0E3 		mov	r0, #4
 1193 07a4 0030C6E5 		strb	r3, [r6, #0]
 1194 07a8 FEFFFFEB 		bl	uart1_transmit
 1195 07ac 0030D5E5 		ldrb	r3, [r5, #0]	@ zero_extendqisi2
 1196 07b0 653083E2 		add	r3, r3, #101
 1197 07b4 0030C5E5 		strb	r3, [r5, #0]
 1198 07b8 0030D6E5 		ldrb	r3, [r6, #0]	@ zero_extendqisi2
 1199 07bc 0020D5E5 		ldrb	r2, [r5, #0]	@ zero_extendqisi2
 1200 07c0 023083E0 		add	r3, r3, r2
 1201 07c4 6500A0E3 		mov	r0, #101
 1202 07c8 0030C6E5 		strb	r3, [r6, #0]
 1203 07cc FEFFFFEB 		bl	uart1_transmit
 1204 07d0 0030D5E5 		ldrb	r3, [r5, #0]	@ zero_extendqisi2
 1205 07d4 073083E2 		add	r3, r3, #7
 1206 07d8 0030C5E5 		strb	r3, [r5, #0]
 1207 07dc 0030D6E5 		ldrb	r3, [r6, #0]	@ zero_extendqisi2
 1208 07e0 0020D5E5 		ldrb	r2, [r5, #0]	@ zero_extendqisi2
 1209 07e4 023083E0 		add	r3, r3, r2
 1210 07e8 0700A0E3 		mov	r0, #7
 1211 07ec 0030C6E5 		strb	r3, [r6, #0]
 1212 07f0 FEFFFFEB 		bl	uart1_transmit
 1213 07f4 0070A0E3 		mov	r7, #0
 1214              	.L164:
 1215 07f8 14459FE5 		ldr	r4, .L201+92
 1216 07fc 0030D5E5 		ldrb	r3, [r5, #0]	@ zero_extendqisi2
 1217 0800 8700D4E7 		ldrb	r0, [r4, r7, asl #1]	@ zero_extendqisi2
 1218 0804 033080E0 		add	r3, r0, r3
 1219 0808 0030C5E5 		strb	r3, [r5, #0]
 1220 080c 0030D6E5 		ldrb	r3, [r6, #0]	@ zero_extendqisi2
 1221 0810 0020D5E5 		ldrb	r2, [r5, #0]	@ zero_extendqisi2
 1222 0814 023083E0 		add	r3, r3, r2
 1223 0818 0030C6E5 		strb	r3, [r6, #0]
 1224 081c 014084E2 		add	r4, r4, #1
 1225 0820 FEFFFFEB 		bl	uart1_transmit
 1226 0824 8700D4E7 		ldrb	r0, [r4, r7, asl #1]	@ zero_extendqisi2
 1227 0828 0030D5E5 		ldrb	r3, [r5, #0]	@ zero_extendqisi2
 1228 082c 033080E0 		add	r3, r0, r3
 1229 0830 0030C5E5 		strb	r3, [r5, #0]
 1230 0834 0030D6E5 		ldrb	r3, [r6, #0]	@ zero_extendqisi2
 1231 0838 0020D5E5 		ldrb	r2, [r5, #0]	@ zero_extendqisi2
 1232 083c 023083E0 		add	r3, r3, r2
 1233 0840 0030C6E5 		strb	r3, [r6, #0]
 1234 0844 FEFFFFEB 		bl	uart1_transmit
 1235 0848 013087E2 		add	r3, r7, #1
 1236 084c FF7003E2 		and	r7, r3, #255
 1237 0850 060057E3 		cmp	r7, #6
 1238 0854 FC01009A 		bls	.L164
 1239 0858 5A0200EA 		b	.L200
 1240              	.L159:
 1241 085c 0C0054E3 		cmp	r4, #12
 1242 0860 6302001A 		bne	.L158
 1243 0864 0D00A0E3 		mov	r0, #13
 1244 0868 FEFFFFEB 		bl	uart1_check_free_space
 1245 086c FF0010E3 		tst	r0, #255
 1246 0870 5F02000A 		beq	.L168
 1247 0874 6C149FE5 		ldr	r1, .L201+48
 1248 0878 6CC49FE5 		ldr	ip, .L201+52
 1249 087c B030D1E1 		ldrh	r3, [r1, #0]
 1250 0880 B020DCE1 		ldrh	r2, [ip, #0]
 1251 0884 0D3083E2 		add	r3, r3, #13
 1252 0888 012082E2 		add	r2, r2, #1
 1253 088c B030C1E1 		strh	r3, [r1, #0]	@ movhi 
 1254 0890 B020CCE1 		strh	r2, [ip, #0]	@ movhi 
 1255 0894 9900A0E3 		mov	r0, #153
 1256 0898 50549FE5 		ldr	r5, .L201+56
 1257 089c FEFFFFEB 		bl	uart1_transmit
 1258 08a0 0D00A0E3 		mov	r0, #13
 1259 08a4 FEFFFFEB 		bl	uart1_transmit
 1260 08a8 44649FE5 		ldr	r6, .L201+60
 1261 08ac 1130A0E3 		mov	r3, #17
 1262 08b0 0030C5E5 		strb	r3, [r5, #0]
 1263 08b4 0D3083E2 		add	r3, r3, #13
 1264 08b8 0400A0E3 		mov	r0, #4
 1265 08bc 0030C6E5 		strb	r3, [r6, #0]
 1266 08c0 FEFFFFEB 		bl	uart1_transmit
 1267 08c4 0030D5E5 		ldrb	r3, [r5, #0]	@ zero_extendqisi2
 1268 08c8 663083E2 		add	r3, r3, #102
 1269 08cc 0030C5E5 		strb	r3, [r5, #0]
 1270 08d0 0030D6E5 		ldrb	r3, [r6, #0]	@ zero_extendqisi2
 1271 08d4 0020D5E5 		ldrb	r2, [r5, #0]	@ zero_extendqisi2
 1272 08d8 023083E0 		add	r3, r3, r2
 1273 08dc 6600A0E3 		mov	r0, #102
 1274 08e0 0030C6E5 		strb	r3, [r6, #0]
 1275 08e4 FEFFFFEB 		bl	uart1_transmit
 1276 08e8 0030D5E5 		ldrb	r3, [r5, #0]	@ zero_extendqisi2
 1277 08ec 033083E2 		add	r3, r3, #3
 1278 08f0 0030C5E5 		strb	r3, [r5, #0]
 1279 08f4 0030D6E5 		ldrb	r3, [r6, #0]	@ zero_extendqisi2
 1280 08f8 0020D5E5 		ldrb	r2, [r5, #0]	@ zero_extendqisi2
 1281 08fc 023083E0 		add	r3, r3, r2
 1282 0900 0300A0E3 		mov	r0, #3
 1283 0904 0030C6E5 		strb	r3, [r6, #0]
 1284 0908 FEFFFFEB 		bl	uart1_transmit
 1285 090c 0070A0E3 		mov	r7, #0
 1286              	.L172:
 1287 0910 BC439FE5 		ldr	r4, .L201+28
 1288 0914 0030D5E5 		ldrb	r3, [r5, #0]	@ zero_extendqisi2
 1289 0918 8700D4E7 		ldrb	r0, [r4, r7, asl #1]	@ zero_extendqisi2
 1290 091c 033080E0 		add	r3, r0, r3
 1291 0920 0030C5E5 		strb	r3, [r5, #0]
 1292 0924 0030D6E5 		ldrb	r3, [r6, #0]	@ zero_extendqisi2
 1293 0928 0020D5E5 		ldrb	r2, [r5, #0]	@ zero_extendqisi2
 1294 092c 023083E0 		add	r3, r3, r2
 1295 0930 0030C6E5 		strb	r3, [r6, #0]
 1296 0934 014084E2 		add	r4, r4, #1
 1297 0938 FEFFFFEB 		bl	uart1_transmit
 1298 093c 8700D4E7 		ldrb	r0, [r4, r7, asl #1]	@ zero_extendqisi2
 1299 0940 0030D5E5 		ldrb	r3, [r5, #0]	@ zero_extendqisi2
 1300 0944 033080E0 		add	r3, r0, r3
 1301 0948 0030C5E5 		strb	r3, [r5, #0]
 1302 094c 0030D6E5 		ldrb	r3, [r6, #0]	@ zero_extendqisi2
 1303 0950 0020D5E5 		ldrb	r2, [r5, #0]	@ zero_extendqisi2
 1304 0954 023083E0 		add	r3, r3, r2
 1305 0958 0030C6E5 		strb	r3, [r6, #0]
 1306 095c FEFFFFEB 		bl	uart1_transmit
 1307 0960 013087E2 		add	r3, r7, #1
 1308 0964 FF7003E2 		and	r7, r3, #255
 1309 0968 020057E3 		cmp	r7, #2
 1310 096c 4202009A 		bls	.L172
 1311              	.L200:
 1312 0970 0000D5E5 		ldrb	r0, [r5, #0]	@ zero_extendqisi2
 1313 0974 FEFFFFEB 		bl	uart1_transmit
 1314 0978 0000D6E5 		ldrb	r0, [r6, #0]	@ zero_extendqisi2
 1315 097c FEFFFFEB 		bl	uart1_transmit
 1316 0980 630200EA 		b	.L158
 1317              	.L168:
 1318 0984 58239FE5 		ldr	r2, .L201+44
 1319 0988 0030D2E5 		ldrb	r3, [r2, #0]	@ zero_extendqisi2
 1320 098c 013083E2 		add	r3, r3, #1
 1321 0990 0030C2E5 		strb	r3, [r2, #0]
 1322              	.L158:
 1323 0994 0060D8E5 		ldrb	r6, [r8, #0]	@ zero_extendqisi2
 1324 0998 120056E3 		cmp	r6, #18
 1325 099c D902001A 		bne	.L174
 1326 09a0 0E00A0E3 		mov	r0, #14
 1327 09a4 FEFFFFEB 		bl	uart1_check_free_space
 1328 09a8 FF0010E3 		tst	r0, #255
 1329 09ac 30239F05 		ldreq	r2, .L201+44
 1330 09b0 0030D205 		ldreqb	r3, [r2, #0]	@ zero_extendqisi2
 1331 09b4 01308302 		addeq	r3, r3, #1
 1332 09b8 0030C205 		streqb	r3, [r2, #0]
 1333 09bc D902000A 		beq	.L174
 1334 09c0 20139FE5 		ldr	r1, .L201+48
 1335 09c4 20C39FE5 		ldr	ip, .L201+52
 1336 09c8 B030D1E1 		ldrh	r3, [r1, #0]
 1337 09cc B020DCE1 		ldrh	r2, [ip, #0]
 1338 09d0 0E3083E2 		add	r3, r3, #14
 1339 09d4 012082E2 		add	r2, r2, #1
 1340 09d8 B030C1E1 		strh	r3, [r1, #0]	@ movhi 
 1341 09dc B020CCE1 		strh	r2, [ip, #0]	@ movhi 
 1342 09e0 9900A0E3 		mov	r0, #153
 1343 09e4 04439FE5 		ldr	r4, .L201+56
 1344 09e8 04539FE5 		ldr	r5, .L201+60
 1345 09ec FEFFFFEB 		bl	uart1_transmit
 1346 09f0 0E00A0E3 		mov	r0, #14
 1347 09f4 FEFFFFEB 		bl	uart1_transmit
 1348 09f8 2030A0E3 		mov	r3, #32
 1349 09fc 0400A0E3 		mov	r0, #4
 1350 0a00 0060C4E5 		strb	r6, [r4, #0]
 1351 0a04 0030C5E5 		strb	r3, [r5, #0]
 1352 0a08 FEFFFFEB 		bl	uart1_transmit
 1353 0a0c 0030D4E5 		ldrb	r3, [r4, #0]	@ zero_extendqisi2
 1354 0a10 673083E2 		add	r3, r3, #103
 1355 0a14 0030C4E5 		strb	r3, [r4, #0]
 1356 0a18 0030D5E5 		ldrb	r3, [r5, #0]	@ zero_extendqisi2
 1357 0a1c 0020D4E5 		ldrb	r2, [r4, #0]	@ zero_extendqisi2
 1358 0a20 98629FE5 		ldr	r6, .L201+8
 1359 0a24 023083E0 		add	r3, r3, r2
 1360 0a28 6700A0E3 		mov	r0, #103
 1361 0a2c 0030C5E5 		strb	r3, [r5, #0]
 1362 0a30 FEFFFFEB 		bl	uart1_transmit
 1363 0a34 0000D6E5 		ldrb	r0, [r6, #0]	@ zero_extendqisi2
 1364 0a38 0030D4E5 		ldrb	r3, [r4, #0]	@ zero_extendqisi2
 1365 0a3c 033080E0 		add	r3, r0, r3
 1366 0a40 0030C4E5 		strb	r3, [r4, #0]
 1367 0a44 0030D5E5 		ldrb	r3, [r5, #0]	@ zero_extendqisi2
 1368 0a48 0020D4E5 		ldrb	r2, [r4, #0]	@ zero_extendqisi2
 1369 0a4c 023083E0 		add	r3, r3, r2
 1370 0a50 0030C5E5 		strb	r3, [r5, #0]
 1371 0a54 FEFFFFEB 		bl	uart1_transmit
 1372 0a58 0300D6E5 		ldrb	r0, [r6, #3]	@ zero_extendqisi2
 1373 0a5c 0030D4E5 		ldrb	r3, [r4, #0]	@ zero_extendqisi2
 1374 0a60 033080E0 		add	r3, r0, r3
 1375 0a64 0030C4E5 		strb	r3, [r4, #0]
 1376 0a68 0030D5E5 		ldrb	r3, [r5, #0]	@ zero_extendqisi2
 1377 0a6c 0020D4E5 		ldrb	r2, [r4, #0]	@ zero_extendqisi2
 1378 0a70 023083E0 		add	r3, r3, r2
 1379 0a74 0030C5E5 		strb	r3, [r5, #0]
 1380 0a78 FEFFFFEB 		bl	uart1_transmit
 1381 0a7c 40329FE5 		ldr	r3, .L201+12
 1382 0a80 0000D3E5 		ldrb	r0, [r3, #0]	@ zero_extendqisi2
 1383 0a84 0030D4E5 		ldrb	r3, [r4, #0]	@ zero_extendqisi2
 1384 0a88 033080E0 		add	r3, r0, r3
 1385 0a8c 0030C4E5 		strb	r3, [r4, #0]
 1386 0a90 0030D5E5 		ldrb	r3, [r5, #0]	@ zero_extendqisi2
 1387 0a94 0020D4E5 		ldrb	r2, [r4, #0]	@ zero_extendqisi2
 1388 0a98 58629FE5 		ldr	r6, .L201+64
 1389 0a9c 023083E0 		add	r3, r3, r2
 1390 0aa0 0030C5E5 		strb	r3, [r5, #0]
 1391 0aa4 FEFFFFEB 		bl	uart1_transmit
 1392 0aa8 0000D6E5 		ldrb	r0, [r6, #0]	@ zero_extendqisi2
 1393 0aac 0030D4E5 		ldrb	r3, [r4, #0]	@ zero_extendqisi2
 1394 0ab0 033080E0 		add	r3, r0, r3
 1395 0ab4 0030C4E5 		strb	r3, [r4, #0]
 1396 0ab8 0030D5E5 		ldrb	r3, [r5, #0]	@ zero_extendqisi2
 1397 0abc 0020D4E5 		ldrb	r2, [r4, #0]	@ zero_extendqisi2
 1398 0ac0 023083E0 		add	r3, r3, r2
 1399 0ac4 0030C5E5 		strb	r3, [r5, #0]
 1400 0ac8 FEFFFFEB 		bl	uart1_transmit
 1401 0acc 0400D6E5 		ldrb	r0, [r6, #4]	@ zero_extendqisi2
 1402 0ad0 0030D4E5 		ldrb	r3, [r4, #0]	@ zero_extendqisi2
 1403 0ad4 033080E0 		add	r3, r0, r3
 1404 0ad8 0030C4E5 		strb	r3, [r4, #0]
 1405 0adc 0030D5E5 		ldrb	r3, [r5, #0]	@ zero_extendqisi2
 1406 0ae0 0020D4E5 		ldrb	r2, [r4, #0]	@ zero_extendqisi2
 1407 0ae4 023083E0 		add	r3, r3, r2
 1408 0ae8 0030C5E5 		strb	r3, [r5, #0]
 1409 0aec FEFFFFEB 		bl	uart1_transmit
 1410 0af0 0500D6E5 		ldrb	r0, [r6, #5]	@ zero_extendqisi2
 1411 0af4 0030D4E5 		ldrb	r3, [r4, #0]	@ zero_extendqisi2
 1412 0af8 033080E0 		add	r3, r0, r3
 1413 0afc 0030C4E5 		strb	r3, [r4, #0]
 1414 0b00 0030D5E5 		ldrb	r3, [r5, #0]	@ zero_extendqisi2
 1415 0b04 0020D4E5 		ldrb	r2, [r4, #0]	@ zero_extendqisi2
 1416 0b08 023083E0 		add	r3, r3, r2
 1417 0b0c 0030C5E5 		strb	r3, [r5, #0]
 1418 0b10 FEFFFFEB 		bl	uart1_transmit
 1419 0b14 0600D6E5 		ldrb	r0, [r6, #6]	@ zero_extendqisi2
 1420 0b18 0030D4E5 		ldrb	r3, [r4, #0]	@ zero_extendqisi2
 1421 0b1c 033080E0 		add	r3, r0, r3
 1422 0b20 0030C4E5 		strb	r3, [r4, #0]
 1423 0b24 0030D5E5 		ldrb	r3, [r5, #0]	@ zero_extendqisi2
 1424 0b28 0020D4E5 		ldrb	r2, [r4, #0]	@ zero_extendqisi2
 1425 0b2c 023083E0 		add	r3, r3, r2
 1426 0b30 0030C5E5 		strb	r3, [r5, #0]
 1427 0b34 FEFFFFEB 		bl	uart1_transmit
 1428 0b38 0700D6E5 		ldrb	r0, [r6, #7]	@ zero_extendqisi2
 1429 0b3c 0030D4E5 		ldrb	r3, [r4, #0]	@ zero_extendqisi2
 1430 0b40 033080E0 		add	r3, r0, r3
 1431 0b44 0030C4E5 		strb	r3, [r4, #0]
 1432 0b48 0030D5E5 		ldrb	r3, [r5, #0]	@ zero_extendqisi2
 1433 0b4c 0020D4E5 		ldrb	r2, [r4, #0]	@ zero_extendqisi2
 1434 0b50 023083E0 		add	r3, r3, r2
 1435 0b54 0030C5E5 		strb	r3, [r5, #0]
 1436 0b58 FEFFFFEB 		bl	uart1_transmit
 1437 0b5c 0000D4E5 		ldrb	r0, [r4, #0]	@ zero_extendqisi2
 1438 0b60 FEFFFFEB 		bl	uart1_transmit
 1439 0b64 0000D5E5 		ldrb	r0, [r5, #0]	@ zero_extendqisi2
 1440 0b68 FEFFFFEB 		bl	uart1_transmit
 1441              	.L174:
 1442 0b6c B030DAE1 		ldrh	r3, [sl, #0]
 1443 0b70 180053E3 		cmp	r3, #24
 1444 0b74 2703001A 		bne	.L184
 1445 0b78 0F00A0E3 		mov	r0, #15
 1446 0b7c FEFFFFEB 		bl	uart1_check_free_space
 1447 0b80 FF0010E3 		tst	r0, #255
 1448 0b84 58219F05 		ldreq	r2, .L201+44
 1449 0b88 0030D205 		ldreqb	r3, [r2, #0]	@ zero_extendqisi2
 1450 0b8c 01308302 		addeq	r3, r3, #1
 1451 0b90 0030C205 		streqb	r3, [r2, #0]
 1452 0b94 2703000A 		beq	.L184
 1453 0b98 48119FE5 		ldr	r1, .L201+48
 1454 0b9c 48C19FE5 		ldr	ip, .L201+52
 1455 0ba0 B030D1E1 		ldrh	r3, [r1, #0]
 1456 0ba4 B020DCE1 		ldrh	r2, [ip, #0]
 1457 0ba8 0F3083E2 		add	r3, r3, #15
 1458 0bac 012082E2 		add	r2, r2, #1
 1459 0bb0 B030C1E1 		strh	r3, [r1, #0]	@ movhi 
 1460 0bb4 B020CCE1 		strh	r2, [ip, #0]	@ movhi 
 1461 0bb8 9900A0E3 		mov	r0, #153
 1462 0bbc 2C519FE5 		ldr	r5, .L201+56
 1463 0bc0 FEFFFFEB 		bl	uart1_transmit
 1464 0bc4 0F00A0E3 		mov	r0, #15
 1465 0bc8 FEFFFFEB 		bl	uart1_transmit
 1466 0bcc 20619FE5 		ldr	r6, .L201+60
 1467 0bd0 1330A0E3 		mov	r3, #19
 1468 0bd4 0030C5E5 		strb	r3, [r5, #0]
 1469 0bd8 0F3083E2 		add	r3, r3, #15
 1470 0bdc 0400A0E3 		mov	r0, #4
 1471 0be0 0030C6E5 		strb	r3, [r6, #0]
 1472 0be4 FEFFFFEB 		bl	uart1_transmit
 1473 0be8 0030D5E5 		ldrb	r3, [r5, #0]	@ zero_extendqisi2
 1474 0bec 693083E2 		add	r3, r3, #105
 1475 0bf0 0030C5E5 		strb	r3, [r5, #0]
 1476 0bf4 0030D6E5 		ldrb	r3, [r6, #0]	@ zero_extendqisi2
 1477 0bf8 0020D5E5 		ldrb	r2, [r5, #0]	@ zero_extendqisi2
 1478 0bfc 023083E0 		add	r3, r3, r2
 1479 0c00 6900A0E3 		mov	r0, #105
 1480 0c04 0030C6E5 		strb	r3, [r6, #0]
 1481 0c08 FEFFFFEB 		bl	uart1_transmit
 1482 0c0c 0030D5E5 		ldrb	r3, [r5, #0]	@ zero_extendqisi2
 1483 0c10 043083E2 		add	r3, r3, #4
 1484 0c14 0030C5E5 		strb	r3, [r5, #0]
 1485 0c18 0030D6E5 		ldrb	r3, [r6, #0]	@ zero_extendqisi2
 1486 0c1c 0020D5E5 		ldrb	r2, [r5, #0]	@ zero_extendqisi2
 1487 0c20 023083E0 		add	r3, r3, r2
 1488 0c24 0400A0E3 		mov	r0, #4
 1489 0c28 0030C6E5 		strb	r3, [r6, #0]
 1490 0c2c FEFFFFEB 		bl	uart1_transmit
 1491 0c30 0070A0E3 		mov	r7, #0
 1492              	.L182:
 1493 0c34 C0409FE5 		ldr	r4, .L201+68
 1494 0c38 0030D5E5 		ldrb	r3, [r5, #0]	@ zero_extendqisi2
 1495 0c3c 8700D4E7 		ldrb	r0, [r4, r7, asl #1]	@ zero_extendqisi2
 1496 0c40 033080E0 		add	r3, r0, r3
 1497 0c44 0030C5E5 		strb	r3, [r5, #0]
 1498 0c48 0030D6E5 		ldrb	r3, [r6, #0]	@ zero_extendqisi2
 1499 0c4c 0020D5E5 		ldrb	r2, [r5, #0]	@ zero_extendqisi2
 1500 0c50 023083E0 		add	r3, r3, r2
 1501 0c54 0030C6E5 		strb	r3, [r6, #0]
 1502 0c58 014084E2 		add	r4, r4, #1
 1503 0c5c FEFFFFEB 		bl	uart1_transmit
 1504 0c60 8700D4E7 		ldrb	r0, [r4, r7, asl #1]	@ zero_extendqisi2
 1505 0c64 0030D5E5 		ldrb	r3, [r5, #0]	@ zero_extendqisi2
 1506 0c68 033080E0 		add	r3, r0, r3
 1507 0c6c 0030C5E5 		strb	r3, [r5, #0]
 1508 0c70 0030D6E5 		ldrb	r3, [r6, #0]	@ zero_extendqisi2
 1509 0c74 0020D5E5 		ldrb	r2, [r5, #0]	@ zero_extendqisi2
 1510 0c78 023083E0 		add	r3, r3, r2
 1511 0c7c 0030C6E5 		strb	r3, [r6, #0]
 1512 0c80 FEFFFFEB 		bl	uart1_transmit
 1513 0c84 013087E2 		add	r3, r7, #1
 1514 0c88 FF7003E2 		and	r7, r3, #255
 1515 0c8c 030057E3 		cmp	r7, #3
 1516 0c90 0B03009A 		bls	.L182
 1517 0c94 0000D5E5 		ldrb	r0, [r5, #0]	@ zero_extendqisi2
 1518 0c98 FEFFFFEB 		bl	uart1_transmit
 1519 0c9c 0000D6E5 		ldrb	r0, [r6, #0]	@ zero_extendqisi2
 1520 0ca0 FEFFFFEB 		bl	uart1_transmit
 1521              	.L184:
 1522 0ca4 0030D9E5 		ldrb	r3, [r9, #0]	@ zero_extendqisi2
 1523 0ca8 000053E3 		cmp	r3, #0
 1524 0cac FEFFFF0B 		bleq	electrical_periodic
 1525              	.L109:
 1526 0cb0 F06F9DE8 		ldmfd	sp, {r4, r5, r6, r7, r8, r9, sl, fp, sp, lr}
 1527 0cb4 1EFF2FE1 		bx	lr
 1528              	.L202:
 1529              		.align	2
 1530              	.L201:
 1531 0cb8 00000000 		.word	_10Hz.0
 1532 0cbc 00000000 		.word	_1Hz.1
 1533 0cc0 00000000 		.word	radio_control
 1534 0cc4 00000000 		.word	fbw_mode
 1535 0cc8 00000000 		.word	time_since_last_ap
 1536 0ccc 00000000 		.word	ap_ok
 1537 0cd0 00000000 		.word	commands_failsafe
 1538 0cd4 00000000 		.word	commands
 1539 0cd8 00000000 		.word	telemetry_mode_Fbw_DefaultChannel
 1540 0cdc 00000000 		.word	i120.2
 1541 0ce0 00000000 		.word	i300.3
 1542 0ce4 00000000 		.word	downlink_nb_ovrn
 1543 0ce8 00000000 		.word	downlink_nb_bytes
 1544 0cec 00000000 		.word	downlink_nb_msgs
 1545 0cf0 00000000 		.word	ck_a
 1546 0cf4 00000000 		.word	ck_b
 1547 0cf8 00000000 		.word	electrical
 1548 0cfc 00000000 		.word	actuators
 1549 0d00 00000000 		.word	i30.4
 1550 0d04 00000000 		.word	i60.5
 1551 0d08 00000000 		.word	i300.6
 1552 0d0c 03000000 		.word	radio_control+3
 1553 0d10 00000000 		.word	ppm_pulses
 1554 0d14 06000000 		.word	radio_control+6
 1556              		.global	fbw_mode
 1557              		.section	.bss.fbw_mode,"aw",%nobits
 1560              	fbw_mode:
 1561 0000 00       		.space	1
 1562              		.ident	"GCC: (GNU) 3.4.4"
DEFINED SYMBOLS
                            *ABS*:00000000 main_fbw.c
     /tmp/ccnAEm0u.s:6      .data.fbw_new_actuators:00000000 fbw_new_actuators
     /tmp/ccnAEm0u.s:12     .text.init_fbw:00000000 init_fbw
     /tmp/ccnAEm0u.s:16     .text.init_fbw:00000000 $a
     /tmp/ccnAEm0u.s:87     .text.init_fbw:00000108 $d
     /tmp/ccnAEm0u.s:1560   .bss.fbw_mode:00000000 fbw_mode
     /tmp/ccnAEm0u.s:114    .text.event_task_fbw:00000000 event_task_fbw
     /tmp/ccnAEm0u.s:118    .text.event_task_fbw:00000000 $a
     /tmp/ccnAEm0u.s:599    .text.event_task_fbw:00000718 $d
     /tmp/ccnAEm0u.s:648    .bss._10Hz.0:00000000 _10Hz.0
     /tmp/ccnAEm0u.s:653    .bss._1Hz.1:00000000 _1Hz.1
     /tmp/ccnAEm0u.s:658    .data.i120.2:00000000 i120.2
     /tmp/ccnAEm0u.s:664    .data.i300.3:00000000 i300.3
     /tmp/ccnAEm0u.s:669    .data.i30.4:00000000 i30.4
     /tmp/ccnAEm0u.s:674    .data.i60.5:00000000 i60.5
     /tmp/ccnAEm0u.s:680    .data.i300.6:00000000 i300.6
     /tmp/ccnAEm0u.s:686    .text.periodic_task_fbw:00000000 periodic_task_fbw
     /tmp/ccnAEm0u.s:690    .text.periodic_task_fbw:00000000 $a
     /tmp/ccnAEm0u.s:1531   .text.periodic_task_fbw:00000cb8 $d

UNDEFINED SYMBOLS
mcu_init
electrical_init
actuators_init
radio_control_impl_init
cpu_time_sec
cpu_time_ticks
TIMER0_ISR
commands_failsafe
commands
radio_control
fbw_state
ap_ok
__divsi3
__floatsidf
__muldf3
__fixdfsi
__floatsisf
__extendsfdf2
__gtsf2
__truncdfsf2
__fixsfsi
__adddf3
__fixunsdfsi
ppm_frame_available
ppm_pulses
inter_mcu_received_ap
time_since_last_ap
inter_mcu_received_fbw
ap_state
electrical
actuators
servos_values
uart1_check_free_space
uart1_transmit
electrical_periodic
telemetry_mode_Fbw_DefaultChannel
downlink_nb_ovrn
downlink_nb_bytes
downlink_nb_msgs
ck_a
ck_b
