   1              		.file	"main.c"
   2              		.section	.text.main,"ax",%progbits
   3              		.align	2
   4              		.global	main
   6              	main:
   7              		@ Function supports interworking.
   8              		@ args = 0, pretend = 0, frame = 0
   9              		@ frame_needed = 1, uses_anonymous_args = 0
  10 0000 0DC0A0E1 		mov	ip, sp
  11 0004 70D82DE9 		stmfd	sp!, {r4, r5, r6, fp, ip, lr, pc}
  12 0008 04B04CE2 		sub	fp, ip, #4
  13 000c FEFFFFEB 		bl	init_fbw
  14 0010 FEFFFFEB 		bl	init_ap
  15 0014 AC309FE5 		ldr	r3, .L10
  16 0018 AC609FE5 		ldr	r6, .L10+4
  17 001c 083093E5 		ldr	r3, [r3, #8]
  18 0020 003086E5 		str	r3, [r6, #0]
  19              	.L2:
  20 0024 9C309FE5 		ldr	r3, .L10
  21 0028 082093E5 		ldr	r2, [r3, #8]
  22 002c 003096E5 		ldr	r3, [r6, #0]
  23 0030 022063E0 		rsb	r2, r3, r2
  24 0034 3D0A83E2 		add	r0, r3, #249856
  25 0038 90309FE5 		ldr	r3, .L10+8
  26 003c 030052E1 		cmp	r2, r3
  27 0040 8C409FE5 		ldr	r4, .L10+12
  28 0044 900080E2 		add	r0, r0, #144
  29 0048 0030A093 		movls	r3, #0
  30 004c 2900009A 		bls	.L9
  31 0050 001094E5 		ldr	r1, [r4, #0]
  32 0054 7C309FE5 		ldr	r3, .L10+16
  33 0058 3D2A81E2 		add	r2, r1, #249856
  34 005c 902082E2 		add	r2, r2, #144
  35 0060 74C09FE5 		ldr	ip, .L10+20
  36 0064 030052E1 		cmp	r2, r3
  37 0068 70E09FE5 		ldr	lr, .L10+24
  38 006c 70509FE5 		ldr	r5, .L10+28
  39 0070 0CC081E0 		add	ip, r1, ip
  40 0074 000086E5 		str	r0, [r6, #0]
  41 0078 002084E5 		str	r2, [r4, #0]
  42 007c 2800009A 		bls	.L6
  43 0080 10209EE5 		ldr	r2, [lr, #16]
  44 0084 B030D5E1 		ldrh	r3, [r5, #0]
  45 0088 020812E3 		tst	r2, #131072
  46 008c 013083E2 		add	r3, r3, #1
  47 0090 B030C5E1 		strh	r3, [r5, #0]	@ movhi 
  48 0094 0238A013 		movne	r3, #131072
  49 0098 0238A003 		moveq	r3, #131072
  50 009c 00C084E5 		str	ip, [r4, #0]
  51 00a0 1C308E15 		strne	r3, [lr, #28]
  52 00a4 14308E05 		streq	r3, [lr, #20]
  53              	.L6:
  54 00a8 0130A0E3 		mov	r3, #1
  55              	.L9:
  56 00ac 000053E3 		cmp	r3, #0
  57 00b0 2D00000A 		beq	.L4
  58 00b4 FEFFFFEB 		bl	periodic_task_fbw
  59 00b8 FEFFFFEB 		bl	periodic_task_ap
  60              	.L4:
  61 00bc FEFFFFEB 		bl	event_task_fbw
  62 00c0 FEFFFFEB 		bl	event_task_ap
  63 00c4 070000EA 		b	.L2
  64              	.L11:
  65              		.align	2
  66              	.L10:
  67 00c8 004000E0 		.word	-536854528
  68 00cc 00000000 		.word	last_periodic_event
  69 00d0 8FD00300 		.word	249999
  70 00d4 00000000 		.word	cpu_time_ticks
  71 00d8 C0E1E400 		.word	15000000
  72 00dc D0EE1EFF 		.word	-14750000
  73 00e0 008002E0 		.word	-536707072
  74 00e4 00000000 		.word	cpu_time_sec
  76              		.ident	"GCC: (GNU) 3.4.4"
DEFINED SYMBOLS
                            *ABS*:00000000 main.c
     /tmp/ccGL8gId.s:6      .text.main:00000000 main
     /tmp/ccGL8gId.s:10     .text.main:00000000 $a
     /tmp/ccGL8gId.s:67     .text.main:000000c8 $d

UNDEFINED SYMBOLS
init_fbw
init_ap
periodic_task_fbw
periodic_task_ap
event_task_fbw
event_task_ap
last_periodic_event
cpu_time_ticks
cpu_time_sec
