   1              		.file	"ppm.c"
   2              		.section	.text.radio_control_impl_init,"ax",%progbits
   3              		.align	2
   4              		.global	radio_control_impl_init
   6              	radio_control_impl_init:
   7              		@ Function supports interworking.
   8              		@ args = 0, pretend = 0, frame = 0
   9              		@ frame_needed = 1, uses_anonymous_args = 0
  10 0000 1C309FE5 		ldr	r3, .L2
  11 0004 0DC0A0E1 		mov	ip, sp
  12 0008 0020A0E3 		mov	r2, #0
  13 000c 00D82DE9 		stmfd	sp!, {fp, ip, lr, pc}
  14 0010 04B04CE2 		sub	fp, ip, #4
  15 0014 0020C3E5 		strb	r2, [r3, #0]
  16 0018 FEFFFFEB 		bl	ppm_arch_init
  17 001c 00689DE8 		ldmfd	sp, {fp, sp, lr}
  18 0020 1EFF2FE1 		bx	lr
  19              	.L3:
  20              		.align	2
  21              	.L2:
  22 0024 00000000 		.word	ppm_frame_available
  24              		.global	ppm_pulses
  25              		.section	.bss.ppm_pulses,"aw",%nobits
  26              		.align	1
  29              	ppm_pulses:
  30 0000 00000000 		.space	14
  30      00000000 
  30      00000000 
  30      0000
  31              		.global	ppm_frame_available
  32              		.section	.bss.ppm_frame_available,"aw",%nobits
  35              	ppm_frame_available:
  36 0000 00       		.space	1
  37              		.ident	"GCC: (GNU) 3.4.4"
DEFINED SYMBOLS
                            *ABS*:00000000 ppm.c
     /tmp/cceYXlpF.s:6      .text.radio_control_impl_init:00000000 radio_control_impl_init
     /tmp/cceYXlpF.s:10     .text.radio_control_impl_init:00000000 $a
     /tmp/cceYXlpF.s:22     .text.radio_control_impl_init:00000024 $d
     /tmp/cceYXlpF.s:35     .bss.ppm_frame_available:00000000 ppm_frame_available
     /tmp/cceYXlpF.s:29     .bss.ppm_pulses:00000000 ppm_pulses

UNDEFINED SYMBOLS
ppm_arch_init
