   1              		.file	"armVIC.c"
   2              		.section	.text.disableIRQ,"ax",%progbits
   3              		.align	2
   4              		.global	disableIRQ
   6              	disableIRQ:
   7              		@ Function supports interworking.
   8              		@ args = 0, pretend = 0, frame = 0
   9              		@ frame_needed = 0, uses_anonymous_args = 0
  10              		@ link register save eliminated.
  11              		@ lr needed for prologue
  12 0000 00000FE1 		 mrs  r0, cpsr
  13 0004 803080E3 		orr	r3, r0, #128
  14 0008 03F029E1 		 msr  cpsr, r3
  15 000c 1EFF2FE1 		bx	lr
  17              		.section	.text.restoreIRQ,"ax",%progbits
  18              		.align	2
  19              		.global	restoreIRQ
  21              	restoreIRQ:
  22              		@ Function supports interworking.
  23              		@ args = 0, pretend = 0, frame = 0
  24              		@ frame_needed = 0, uses_anonymous_args = 0
  25              		@ link register save eliminated.
  26              		@ lr needed for prologue
  27 0000 0020A0E1 		mov	r2, r0
  28 0004 00000FE1 		 mrs  r0, cpsr
  29 0008 802002E2 		and	r2, r2, #128
  30 000c 8030C0E3 		bic	r3, r0, #128
  31 0010 023083E1 		orr	r3, r3, r2
  32 0014 03F029E1 		 msr  cpsr, r3
  33 0018 1EFF2FE1 		bx	lr
  35              		.section	.text.enableIRQ,"ax",%progbits
  36              		.align	2
  37              		.global	enableIRQ
  39              	enableIRQ:
  40              		@ Function supports interworking.
  41              		@ args = 0, pretend = 0, frame = 0
  42              		@ frame_needed = 0, uses_anonymous_args = 0
  43              		@ link register save eliminated.
  44              		@ lr needed for prologue
  45 0000 00000FE1 		 mrs  r0, cpsr
  46 0004 8030C0E3 		bic	r3, r0, #128
  47 0008 03F029E1 		 msr  cpsr, r3
  48 000c 1EFF2FE1 		bx	lr
  50              		.section	.text.disableFIQ,"ax",%progbits
  51              		.align	2
  52              		.global	disableFIQ
  54              	disableFIQ:
  55              		@ Function supports interworking.
  56              		@ args = 0, pretend = 0, frame = 0
  57              		@ frame_needed = 0, uses_anonymous_args = 0
  58              		@ link register save eliminated.
  59              		@ lr needed for prologue
  60 0000 00000FE1 		 mrs  r0, cpsr
  61 0004 403080E3 		orr	r3, r0, #64
  62 0008 03F029E1 		 msr  cpsr, r3
  63 000c 1EFF2FE1 		bx	lr
  65              		.section	.text.restoreFIQ,"ax",%progbits
  66              		.align	2
  67              		.global	restoreFIQ
  69              	restoreFIQ:
  70              		@ Function supports interworking.
  71              		@ args = 0, pretend = 0, frame = 0
  72              		@ frame_needed = 0, uses_anonymous_args = 0
  73              		@ link register save eliminated.
  74              		@ lr needed for prologue
  75 0000 0020A0E1 		mov	r2, r0
  76 0004 00000FE1 		 mrs  r0, cpsr
  77 0008 402002E2 		and	r2, r2, #64
  78 000c 4030C0E3 		bic	r3, r0, #64
  79 0010 023083E1 		orr	r3, r3, r2
  80 0014 03F029E1 		 msr  cpsr, r3
  81 0018 1EFF2FE1 		bx	lr
  83              		.section	.text.enableFIQ,"ax",%progbits
  84              		.align	2
  85              		.global	enableFIQ
  87              	enableFIQ:
  88              		@ Function supports interworking.
  89              		@ args = 0, pretend = 0, frame = 0
  90              		@ frame_needed = 0, uses_anonymous_args = 0
  91              		@ link register save eliminated.
  92              		@ lr needed for prologue
  93 0000 00000FE1 		 mrs  r0, cpsr
  94 0004 4030C0E3 		bic	r3, r0, #64
  95 0008 03F029E1 		 msr  cpsr, r3
  96 000c 1EFF2FE1 		bx	lr
  98              		.ident	"GCC: (GNU) 3.4.4"
DEFINED SYMBOLS
                            *ABS*:00000000 armVIC.c
     /tmp/cciSlEIB.s:6      .text.disableIRQ:00000000 disableIRQ
     /tmp/cciSlEIB.s:12     .text.disableIRQ:00000000 $a
     /tmp/cciSlEIB.s:21     .text.restoreIRQ:00000000 restoreIRQ
     /tmp/cciSlEIB.s:27     .text.restoreIRQ:00000000 $a
     /tmp/cciSlEIB.s:39     .text.enableIRQ:00000000 enableIRQ
     /tmp/cciSlEIB.s:45     .text.enableIRQ:00000000 $a
     /tmp/cciSlEIB.s:54     .text.disableFIQ:00000000 disableFIQ
     /tmp/cciSlEIB.s:60     .text.disableFIQ:00000000 $a
     /tmp/cciSlEIB.s:69     .text.restoreFIQ:00000000 restoreFIQ
     /tmp/cciSlEIB.s:75     .text.restoreFIQ:00000000 $a
     /tmp/cciSlEIB.s:87     .text.enableFIQ:00000000 enableFIQ
     /tmp/cciSlEIB.s:93     .text.enableFIQ:00000000 $a

NO UNDEFINED SYMBOLS
